#
# A fatal error has been detected by the Java Runtime Environment:
#
#  EXCEPTION_ACCESS_VIOLATION (0xc0000005) at pc=0x00007ff94a7abe80, pid=3660, tid=2744
#
# JRE version: OpenJDK Runtime Environment (11.0.12+7) (build 11.0.12+7-b1504.28-7817840)
# Java VM: OpenJDK 64-Bit Server VM (11.0.12+7-b1504.28-7817840, mixed mode, tiered, compressed oops, g1 gc, windows-amd64)
# Problematic frame:
# V  [jvm.dll+0x35be80]
#
# No core dump will be written. Minidumps are not enabled by default on client versions of Windows
#
# If you would like to submit a bug report, please visit:
#   https://bugreport.java.com/bugreport/crash.jsp
#

---------------  S U M M A R Y ------------

Command Line: --add-opens=java.base/java.util=ALL-UNNAMED --add-opens=java.base/java.lang=ALL-UNNAMED --add-opens=java.base/java.lang.invoke=ALL-UNNAMED --add-opens=java.base/java.util=ALL-UNNAMED --add-opens=java.prefs/java.util.prefs=ALL-UNNAMED --add-opens=java.prefs/java.util.prefs=ALL-UNNAMED --add-opens=java.base/java.nio.charset=ALL-UNNAMED --add-opens=java.base/java.net=ALL-UNNAMED --add-opens=java.base/java.util.concurrent.atomic=ALL-UNNAMED -Xmx2048m -Dfile.encoding=UTF-8 -Duser.country=RU -Duser.language=ru -Duser.variant org.gradle.launcher.daemon.bootstrap.GradleDaemon 7.3.3

Host: AMD FX(tm)-4350 Quad-Core Processor            , 4 cores, 15G,  Windows 10 , 64 bit Build 18362 (10.0.18362.329)
Time: Tue May 24 13:25:29 2022 RTZ 2 (ceia) elapsed time: 10.621742 seconds (0d 0h 0m 10s)

---------------  T H R E A D  ---------------

Current thread (0x000002af9b909000):  JavaThread "C2 CompilerThread0" daemon [_thread_in_native, id=2744, stack(0x000000f5ebe00000,0x000000f5ebf00000)]


Current CompileTask:
C2:  10621 3827   !   4       java.net.URLClassLoader$1::run (63 bytes)

Stack: [0x000000f5ebe00000,0x000000f5ebf00000],  sp=0x000000f5ebefbe50,  free space=1007k
Native frames: (J=compiled Java code, j=interpreted, Vv=VM code, C=native code)
V  [jvm.dll+0x35be80]
V  [jvm.dll+0x19d9e8]
V  [jvm.dll+0x19d157]
V  [jvm.dll+0x20070e]
V  [jvm.dll+0x1ff794]
V  [jvm.dll+0x18868c]
V  [jvm.dll+0x20e0d7]
V  [jvm.dll+0x20c901]
V  [jvm.dll+0x6f9b7f]
V  [jvm.dll+0x6f26a5]
V  [jvm.dll+0x5fabf6]
C  [ucrtbase.dll+0x20e72]
C  [KERNEL32.DLL+0x17bd4]
C  [ntdll.dll+0x6ced1]


siginfo: EXCEPTION_ACCESS_VIOLATION (0xc0000005), reading address 0x000022af9c287020


Register to memory mapping:

RIP=0x00007ff94a7abe80 jvm.dll
RAX=0x0000000000000800 is an unknown value
RBX=0x000000f5ebefc120 is pointing into the stack for thread: 0x000002af9b909000
RCX=0x000022af9c287020 is an unknown value
RDX=0x000022af9c287020 is an unknown value
RSP=0x000000f5ebefbe50 is pointing into the stack for thread: 0x000002af9b909000
RBP=0x00007ff94a450000 jvm.dll
RSI=0x000002afa3f2e050 points into unknown readable memory: 0x0000000000000000 | 00 00 00 00 00 00 00 00
RDI=0x000000000000000b is an unknown value
R8 =0x0000000000000800 is an unknown value
R9 =0x000002afa3d95050 points into unknown readable memory: 0x0000000000000000 | 00 00 00 00 00 00 00 00
R10=0x0000000000082640 is an unknown value
R11=0x000000f5ebefbeb0 is pointing into the stack for thread: 0x000002af9b909000
R12=0x00000000000003d8 is an unknown value
R13=0x0000000000000008 is an unknown value
R14=0x00000000000826e0 is an unknown value
R15=0x0000000000000d0b is an unknown value


Registers:
RAX=0x0000000000000800, RBX=0x000000f5ebefc120, RCX=0x000022af9c287020, RDX=0x000022af9c287020
RSP=0x000000f5ebefbe50, RBP=0x00007ff94a450000, RSI=0x000002afa3f2e050, RDI=0x000000000000000b
R8 =0x0000000000000800, R9 =0x000002afa3d95050, R10=0x0000000000082640, R11=0x000000f5ebefbeb0
R12=0x00000000000003d8, R13=0x0000000000000008, R14=0x00000000000826e0, R15=0x0000000000000d0b
RIP=0x00007ff94a7abe80, EFLAGS=0x0000000000010246

Top of Stack: (sp=0x000000f5ebefbe50)
0x000000f5ebefbe50:   000000f5ebefc120 00007ff94a450000
0x000000f5ebefbe60:   000002afa3f2e050 000017d800000001
0x000000f5ebefbe70:   00000d0f00000000 000002af00000001
0x000000f5ebefbe80:   000002af9c2870e0 00007ff90000000e
0x000000f5ebefbe90:   000002af9f5c7d40 00007ff900000026
0x000000f5ebefbea0:   000002afa3e17730 000002afa406c7f0
0x000000f5ebefbeb0:   000002af9f0de390 0000000000000000
0x000000f5ebefbec0:   0000000000000d0b 00007ff94a5ed9e8
0x000000f5ebefbed0:   000000f5ebefc4c0 00007ff94a450000
0x000000f5ebefbee0:   000000f5ebefc5a8 000000000013ef20
0x000000f5ebefbef0:   0000064a00000000 000002af00000008
0x000000f5ebefbf00:   000002af9c288420 000000f500000001
0x000000f5ebefbf10:   000002af9f5c7e70 000002af00000001
0x000000f5ebefbf20:   000002afa3e177d0 000000f500000004
0x000000f5ebefbf30:   000002af9ded4e08 00007ff94a564be1
0x000000f5ebefbf40:   000000000013ef20 00007ff94a7b0c46 

Instructions: (pc=0x00007ff94a7abe80)
0x00007ff94a7abd80:   41 56 41 57 48 83 ec 60 4c 8b 41 38 8b c2 c1 e8
0x00007ff94a7abd90:   05 48 8b d9 8b fa 41 3b 40 10 72 0d 49 8b 00 8b
0x00007ff94a7abda0:   d7 49 8b c8 ff 50 18 eb 19 8b c8 ba 01 00 00 00
0x00007ff94a7abdb0:   49 8b 40 18 4c 8d 04 88 8b cf 83 e1 1f d3 e2 41
0x00007ff94a7abdc0:   09 10 48 8b 53 10 4c 8d 34 bf 49 c1 e6 05 48 8d
0x00007ff94a7abdd0:   4c 24 20 49 03 d6 4c 8b ff e8 c2 44 00 00 48 8b
0x00007ff94a7abde0:   73 20 48 8d 2d 17 42 ca ff 83 e7 1f 0f 1f 40 00
0x00007ff94a7abdf0:   8b 44 24 20 85 c0 74 3c 44 8b 44 24 24 a8 1f 75
0x00007ff94a7abe00:   0b c1 e8 05 41 83 c0 05 a8 1f 74 f5 8b d0 83 e2
0x00007ff94a7abe10:   1f 0f b6 8c 2a f0 e0 83 00 d3 e8 89 44 24 20 42
0x00007ff94a7abe20:   8d 04 01 89 44 24 24 0f b6 84 2a d0 e0 83 00 41
0x00007ff94a7abe30:   03 c0 eb 0a 48 8d 4c 24 20 e8 b2 44 00 00 85 c0
0x00007ff94a7abe40:   0f 84 94 00 00 00 4c 8b 4b 10 49 8b cf 8b c0 41
0x00007ff94a7abe50:   b8 01 00 00 00 48 c1 e9 08 4c 8d 14 80 49 c1 e2
0x00007ff94a7abe60:   05 4b 8b 44 11 08 48 8b 14 c8 8b cf 41 d3 e0 49
0x00007ff94a7abe70:   8b c7 48 c1 e8 05 83 e0 07 48 8d 0c 82 41 8b c0
0x00007ff94a7abe80:   8b 11 f7 d0 23 c2 89 01 41 85 d0 74 04 43 ff 0c
0x00007ff94a7abe90:   11 48 8b 4b 20 42 0f b7 94 36 94 00 00 00 49 03
0x00007ff94a7abea0:   ca 42 f7 84 36 98 00 00 00 00 01 00 00 0f b7 81
0x00007ff94a7abeb0:   94 00 00 00 75 19 f7 81 98 00 00 00 00 01 00 00
0x00007ff94a7abec0:   75 0d 3b d0 0f 47 c2 29 41 34 e9 21 ff ff ff 0f
0x00007ff94a7abed0:   af c2 29 41 34 e9 16 ff ff ff 48 8b 43 10 4c 8d
0x00007ff94a7abee0:   5c 24 60 49 8b 5b 20 49 03 c6 49 8b 6b 28 49 8b
0x00007ff94a7abef0:   73 30 49 8b e3 41 5f 41 5e 5f c3 cc cc cc cc cc
0x00007ff94a7abf00:   48 89 5c 24 08 48 89 6c 24 10 48 89 74 24 18 48
0x00007ff94a7abf10:   89 7c 24 20 41 56 48 83 ec 20 49 8b 41 08 49 8b
0x00007ff94a7abf20:   f9 45 8b 49 2c 41 8b e8 4c 8b f2 48 8b f1 48 8b
0x00007ff94a7abf30:   18 41 8b c1 24 0f 3c 08 75 3f 4c 63 53 28 48 8b
0x00007ff94a7abf40:   81 28 01 00 00 46 8b 1c 90 45 85 db 74 4c 48 8b
0x00007ff94a7abf50:   44 24 58 41 8b cb 48 c1 e9 08 41 8b d3 48 c1 ea
0x00007ff94a7abf60:   05 41 83 e3 1f 83 e2 07 48 8b 40 08 48 8b 04 c8
0x00007ff94a7abf70:   8b 04 90 44 0f a3 d8 72 21 41 81 e1 ff 03 00 00 


Stack slot to memory mapping:
stack at sp + 0 slots: 0x000000f5ebefc120 is pointing into the stack for thread: 0x000002af9b909000
stack at sp + 1 slots: 0x00007ff94a450000 jvm.dll
stack at sp + 2 slots: 0x000002afa3f2e050 points into unknown readable memory: 0x0000000000000000 | 00 00 00 00 00 00 00 00
stack at sp + 3 slots: 0x000017d800000001 is an unknown value
stack at sp + 4 slots: 0x00000d0f00000000 is an unknown value
stack at sp + 5 slots: 0x000002af00000001 is an unknown value
stack at sp + 6 slots: 0x000002af9c2870e0 points into unknown readable memory: 0x00000000000007e0 | e0 07 00 00 00 00 00 00
stack at sp + 7 slots: 0x00007ff90000000e is an unknown value


---------------  P R O C E S S  ---------------

Threads class SMR info:
_java_thread_list=0x000002af9e49db40, length=36, elements={
0x000002af81438800, 0x000002af9b89f000, 0x000002af9b8a0000, 0x000002af9b8b3000,
0x000002af9b8b6000, 0x000002af9b906800, 0x000002af9b909000, 0x000002af9b977800,
0x000002af9b978000, 0x000002af9ba67000, 0x000002af9e882800, 0x000002af9bb39000,
0x000002af9c8c9800, 0x000002af9ef2b000, 0x000002af9d9bb000, 0x000002af9d335000,
0x000002af9ca1e000, 0x000002af9e228800, 0x000002af9e23b800, 0x000002af9e512800,
0x000002af9e50d000, 0x000002af9e513800, 0x000002af9e50d800, 0x000002af9e50e800,
0x000002af9e511800, 0x000002af9e50f000, 0x000002af9e510000, 0x000002af9e511000,
0x000002af9f6f8800, 0x000002af9f6f9800, 0x000002af9f6fc000, 0x000002af9f6f6000,
0x000002af9f6fa800, 0x000002af9f6f8000, 0x000002af9f6fb000, 0x000002af9e60b800
}

Java Threads: ( => current thread )
  0x000002af81438800 JavaThread "main" [_thread_blocked, id=1820, stack(0x000000f5eb200000,0x000000f5eb300000)]
  0x000002af9b89f000 JavaThread "Reference Handler" daemon [_thread_blocked, id=72, stack(0x000000f5eb900000,0x000000f5eba00000)]
  0x000002af9b8a0000 JavaThread "Finalizer" daemon [_thread_blocked, id=6052, stack(0x000000f5eba00000,0x000000f5ebb00000)]
  0x000002af9b8b3000 JavaThread "Signal Dispatcher" daemon [_thread_blocked, id=4048, stack(0x000000f5ebb00000,0x000000f5ebc00000)]
  0x000002af9b8b6000 JavaThread "Attach Listener" daemon [_thread_blocked, id=2520, stack(0x000000f5ebc00000,0x000000f5ebd00000)]
  0x000002af9b906800 JavaThread "Service Thread" daemon [_thread_blocked, id=2604, stack(0x000000f5ebd00000,0x000000f5ebe00000)]
=>0x000002af9b909000 JavaThread "C2 CompilerThread0" daemon [_thread_in_native, id=2744, stack(0x000000f5ebe00000,0x000000f5ebf00000)]
  0x000002af9b977800 JavaThread "C1 CompilerThread0" daemon [_thread_blocked, id=6568, stack(0x000000f5ebf00000,0x000000f5ec000000)]
  0x000002af9b978000 JavaThread "Sweeper thread" daemon [_thread_blocked, id=2532, stack(0x000000f5ec000000,0x000000f5ec100000)]
  0x000002af9ba67000 JavaThread "Common-Cleaner" daemon [_thread_blocked, id=684, stack(0x000000f5ec100000,0x000000f5ec200000)]
  0x000002af9e882800 JavaThread "Daemon health stats" [_thread_blocked, id=736, stack(0x000000f5ec700000,0x000000f5ec800000)]
  0x000002af9bb39000 JavaThread "Incoming local TCP Connector on port 50119" [_thread_in_native, id=7508, stack(0x000000f5ec300000,0x000000f5ec400000)]
  0x000002af9c8c9800 JavaThread "Daemon periodic checks" [_thread_blocked, id=4088, stack(0x000000f5ec800000,0x000000f5ec900000)]
  0x000002af9ef2b000 JavaThread "Daemon" [_thread_blocked, id=5356, stack(0x000000f5ec900000,0x000000f5eca00000)]
  0x000002af9d9bb000 JavaThread "Handler for socket connection from /127.0.0.1:50119 to /127.0.0.1:50120" [_thread_in_native, id=4392, stack(0x000000f5eca00000,0x000000f5ecb00000)]
  0x000002af9d335000 JavaThread "Cancel handler" [_thread_blocked, id=8876, stack(0x000000f5ecb00000,0x000000f5ecc00000)]
  0x000002af9ca1e000 JavaThread "Daemon worker" [_thread_in_Java, id=1996, stack(0x000000f5ecc00000,0x000000f5ecd00000)]
  0x000002af9e228800 JavaThread "Asynchronous log dispatcher for DefaultDaemonConnection: socket connection from /127.0.0.1:50119 to /127.0.0.1:50120" [_thread_blocked, id=4080, stack(0x000000f5ecd00000,0x000000f5ece00000)]
  0x000002af9e23b800 JavaThread "Stdin handler" [_thread_blocked, id=9324, stack(0x000000f5ece00000,0x000000f5ecf00000)]
  0x000002af9e512800 JavaThread "Daemon client event forwarder" [_thread_blocked, id=4680, stack(0x000000f5ecf00000,0x000000f5ed000000)]
  0x000002af9e50d000 JavaThread "Cache worker for journal cache (C:\Users\Admin\.gradle\caches\journal-1)" [_thread_blocked, id=4316, stack(0x000000f5ed000000,0x000000f5ed100000)]
  0x000002af9e513800 JavaThread "File lock request listener" [_thread_in_native, id=9396, stack(0x000000f5ed100000,0x000000f5ed200000)]
  0x000002af9e50d800 JavaThread "Cache worker for file hash cache (C:\Users\Admin\.gradle\caches\7.3.3\fileHashes)" [_thread_blocked, id=6844, stack(0x000000f5ed200000,0x000000f5ed300000)]
  0x000002af9e50e800 JavaThread "Cache worker for file hash cache (C:\Users\Admin\StudioProjects\VK_Business\.gradle\7.3.3\fileHashes)" [_thread_blocked, id=6888, stack(0x000000f5ed300000,0x000000f5ed400000)]
  0x000002af9e511800 JavaThread "File watcher server" daemon [_thread_in_native, id=456, stack(0x000000f5ed500000,0x000000f5ed600000)]
  0x000002af9e50f000 JavaThread "File watcher consumer" daemon [_thread_blocked, id=3436, stack(0x000000f5ed600000,0x000000f5ed700000)]
  0x000002af9e510000 JavaThread "jar transforms" [_thread_blocked, id=4196, stack(0x000000f5ed700000,0x000000f5ed800000)]
  0x000002af9e511000 JavaThread "jar transforms Thread 2" [_thread_blocked, id=2300, stack(0x000000f5ed800000,0x000000f5ed900000)]
  0x000002af9f6f8800 JavaThread "jar transforms Thread 3" [_thread_blocked, id=1416, stack(0x000000f5ed900000,0x000000f5eda00000)]
  0x000002af9f6f9800 JavaThread "jar transforms Thread 4" [_thread_blocked, id=7712, stack(0x000000f5eda00000,0x000000f5edb00000)]
  0x000002af9f6fc000 JavaThread "Cache worker for checksums cache (C:\Users\Admin\StudioProjects\VK_Business\.gradle\7.3.3\checksums)" [_thread_blocked, id=4944, stack(0x000000f5edb00000,0x000000f5edc00000)]
  0x000002af9f6f6000 JavaThread "Cache worker for cache directory md-supplier (C:\Users\Admin\.gradle\caches\7.3.3\md-supplier)" [_thread_blocked, id=5500, stack(0x000000f5edc00000,0x000000f5edd00000)]
  0x000002af9f6fa800 JavaThread "Cache worker for cache directory md-rule (C:\Users\Admin\.gradle\caches\7.3.3\md-rule)" [_thread_blocked, id=1508, stack(0x000000f5edd00000,0x000000f5ede00000)]
  0x000002af9f6f8000 JavaThread "Cache worker for execution history cache (C:\Users\Admin\.gradle\caches\7.3.3\executionHistory)" [_thread_blocked, id=5652, stack(0x000000f5ede00000,0x000000f5edf00000)]
  0x000002af9f6fb000 JavaThread "Cache worker for file content cache (C:\Users\Admin\.gradle\caches\7.3.3\fileContent)" [_thread_blocked, id=9712, stack(0x000000f5edf00000,0x000000f5ee000000)]
  0x000002af9e60b800 JavaThread "C2 CompilerThread1" daemon [_thread_in_native, id=7960, stack(0x000000f5ed400000,0x000000f5ed500000)]

Other Threads:
  0x000002af9b89b000 VMThread "VM Thread" [stack: 0x000000f5eb800000,0x000000f5eb900000] [id=5140]
  0x000002af9ba8e000 WatcherThread [stack: 0x000000f5ec200000,0x000000f5ec300000] [id=4752]
  0x000002af81453000 GCTaskThread "GC Thread#0" [stack: 0x000000f5eb300000,0x000000f5eb400000] [id=2428]
  0x000002af9c5af800 GCTaskThread "GC Thread#1" [stack: 0x000000f5ec400000,0x000000f5ec500000] [id=5908]
  0x000002af9c079800 GCTaskThread "GC Thread#2" [stack: 0x000000f5ec500000,0x000000f5ec600000] [id=5468]
  0x000002af9be40000 GCTaskThread "GC Thread#3" [stack: 0x000000f5ec600000,0x000000f5ec700000] [id=6660]
  0x000002af81487800 ConcurrentGCThread "G1 Main Marker" [stack: 0x000000f5eb400000,0x000000f5eb500000] [id=32]
  0x000002af81488800 ConcurrentGCThread "G1 Conc#0" [stack: 0x000000f5eb500000,0x000000f5eb600000] [id=1576]
  0x000002af9aee8800 ConcurrentGCThread "G1 Refine#0" [stack: 0x000000f5eb600000,0x000000f5eb700000] [id=220]
  0x000002af9aee9800 ConcurrentGCThread "G1 Young RemSet Sampling" [stack: 0x000000f5eb700000,0x000000f5eb800000] [id=2984]

Threads with active compile tasks:
C2 CompilerThread0  10680 3827   !   4       java.net.URLClassLoader$1::run (63 bytes)
C2 CompilerThread1  10680 4256       4       groovyjarjarantlr4.v4.runtime.atn.ParserATNSimulator::closure (784 bytes)

VM state:not at safepoint (normal execution)

VM Mutex/Monitor currently owned by a thread: None

Heap address: 0x0000000080000000, size: 2048 MB, Compressed Oops mode: 32-bit
Narrow klass base: 0x0000000000000000, Narrow klass shift: 3
Compressed class space size: 1073741824 Address: 0x0000000100000000

Heap:
 garbage-first heap   total 262144K, used 162279K [0x0000000080000000, 0x0000000100000000)
  region size 1024K, 132 young (135168K), 10 survivors (10240K)
 Metaspace       used 46683K, capacity 47851K, committed 48076K, reserved 1091584K
  class space    used 6109K, capacity 6555K, committed 6604K, reserved 1048576K
Heap Regions: E=young(eden), S=young(survivor), O=old, HS=humongous(starts), HC=humongous(continues), CS=collection set, F=free, A=archive, TAMS=top-at-mark-start (previous, next)
|   0|0x0000000080000000, 0x0000000080100000, 0x0000000080100000|100%| O|  |TAMS 0x0000000080100000, 0x0000000080000000| Untracked 
|   1|0x0000000080100000, 0x0000000080200000, 0x0000000080200000|100%| O|  |TAMS 0x0000000080200000, 0x0000000080100000| Untracked 
|   2|0x0000000080200000, 0x0000000080300000, 0x0000000080300000|100%| O|  |TAMS 0x0000000080300000, 0x0000000080200000| Untracked 
|   3|0x0000000080300000, 0x0000000080400000, 0x0000000080400000|100%|HS|  |TAMS 0x0000000080400000, 0x0000000080300000| Complete 
|   4|0x0000000080400000, 0x0000000080500000, 0x0000000080500000|100%|HC|  |TAMS 0x0000000080500000, 0x0000000080400000| Complete 
|   5|0x0000000080500000, 0x0000000080600000, 0x0000000080600000|100%|HC|  |TAMS 0x0000000080600000, 0x0000000080500000| Complete 
|   6|0x0000000080600000, 0x0000000080700000, 0x0000000080700000|100%| O|  |TAMS 0x0000000080700000, 0x0000000080600000| Untracked 
|   7|0x0000000080700000, 0x0000000080800000, 0x0000000080800000|100%| O|  |TAMS 0x0000000080800000, 0x0000000080700000| Untracked 
|   8|0x0000000080800000, 0x0000000080900000, 0x0000000080900000|100%| O|  |TAMS 0x0000000080900000, 0x0000000080800000| Untracked 
|   9|0x0000000080900000, 0x0000000080a00000, 0x0000000080a00000|100%| O|  |TAMS 0x0000000080a00000, 0x0000000080900000| Untracked 
|  10|0x0000000080a00000, 0x0000000080b00000, 0x0000000080b00000|100%| O|  |TAMS 0x0000000080b00000, 0x0000000080a00000| Untracked 
|  11|0x0000000080b00000, 0x0000000080c00000, 0x0000000080c00000|100%| O|  |TAMS 0x0000000080c00000, 0x0000000080b00000| Untracked 
|  12|0x0000000080c00000, 0x0000000080d00000, 0x0000000080d00000|100%| O|  |TAMS 0x0000000080d00000, 0x0000000080c00000| Untracked 
|  13|0x0000000080d00000, 0x0000000080e00000, 0x0000000080e00000|100%| O|  |TAMS 0x0000000080e00000, 0x0000000080d00000| Untracked 
|  14|0x0000000080e00000, 0x0000000080f00000, 0x0000000080f00000|100%| O|  |TAMS 0x0000000080f00000, 0x0000000080e00000| Untracked 
|  15|0x0000000080f00000, 0x0000000081000000, 0x0000000081000000|100%| O|  |TAMS 0x0000000081000000, 0x0000000080f00000| Untracked 
|  16|0x0000000081000000, 0x000000008105a600, 0x0000000081100000| 35%| O|  |TAMS 0x000000008105a600, 0x0000000081000000| Untracked 
|  17|0x0000000081100000, 0x0000000081200000, 0x0000000081200000|100%|HS|  |TAMS 0x0000000081200000, 0x0000000081100000| Complete 
|  18|0x0000000081200000, 0x0000000081300000, 0x0000000081300000|100%|HC|  |TAMS 0x0000000081300000, 0x0000000081200000| Complete 
|  19|0x0000000081300000, 0x0000000081400000, 0x0000000081400000|100%|HS|  |TAMS 0x0000000081400000, 0x0000000081300000| Complete 
|  20|0x0000000081400000, 0x0000000081500000, 0x0000000081500000|100%|HC|  |TAMS 0x0000000081500000, 0x0000000081400000| Complete 
|  21|0x0000000081500000, 0x0000000081600000, 0x0000000081600000|100%|HC|  |TAMS 0x0000000081600000, 0x0000000081500000| Complete 
|  22|0x0000000081600000, 0x0000000081700000, 0x0000000081700000|100%|HS|  |TAMS 0x0000000081700000, 0x0000000081600000| Complete 
|  23|0x0000000081700000, 0x0000000081800000, 0x0000000081800000|100%|HS|  |TAMS 0x0000000081800000, 0x0000000081700000| Complete 
|  24|0x0000000081800000, 0x0000000081900000, 0x0000000081900000|100%|HC|  |TAMS 0x0000000081900000, 0x0000000081800000| Complete 
|  25|0x0000000081900000, 0x0000000081a00000, 0x0000000081a00000|100%|HC|  |TAMS 0x0000000081a00000, 0x0000000081900000| Complete 
|  26|0x0000000081a00000, 0x0000000081b00000, 0x0000000081b00000|100%|HC|  |TAMS 0x0000000081b00000, 0x0000000081a00000| Complete 
|  27|0x0000000081b00000, 0x0000000081c00000, 0x0000000081c00000|100%|HS|  |TAMS 0x0000000081b00000, 0x0000000081b00000| Complete 
|  28|0x0000000081c00000, 0x0000000081d00000, 0x0000000081d00000|100%|HS|  |TAMS 0x0000000081c00000, 0x0000000081c00000| Complete 
|  29|0x0000000081d00000, 0x0000000081e00000, 0x0000000081e00000|100%|HC|  |TAMS 0x0000000081d00000, 0x0000000081d00000| Complete 
|  30|0x0000000081e00000, 0x0000000081e00000, 0x0000000081f00000|  0%| F|  |TAMS 0x0000000081e00000, 0x0000000081e00000| Untracked 
|  31|0x0000000081f00000, 0x0000000081f00000, 0x0000000082000000|  0%| F|  |TAMS 0x0000000081f00000, 0x0000000081f00000| Untracked 
|  32|0x0000000082000000, 0x0000000082000000, 0x0000000082100000|  0%| F|  |TAMS 0x0000000082000000, 0x0000000082000000| Untracked 
|  33|0x0000000082100000, 0x0000000082100000, 0x0000000082200000|  0%| F|  |TAMS 0x0000000082100000, 0x0000000082100000| Untracked 
|  34|0x0000000082200000, 0x0000000082200000, 0x0000000082300000|  0%| F|  |TAMS 0x0000000082200000, 0x0000000082200000| Untracked 
|  35|0x0000000082300000, 0x0000000082300000, 0x0000000082400000|  0%| F|  |TAMS 0x0000000082300000, 0x0000000082300000| Untracked 
|  36|0x0000000082400000, 0x0000000082400000, 0x0000000082500000|  0%| F|  |TAMS 0x0000000082400000, 0x0000000082400000| Untracked 
|  37|0x0000000082500000, 0x0000000082500000, 0x0000000082600000|  0%| F|  |TAMS 0x0000000082500000, 0x0000000082500000| Untracked 
|  38|0x0000000082600000, 0x0000000082600000, 0x0000000082700000|  0%| F|  |TAMS 0x0000000082600000, 0x0000000082600000| Untracked 
|  39|0x0000000082700000, 0x0000000082700000, 0x0000000082800000|  0%| F|  |TAMS 0x0000000082700000, 0x0000000082700000| Untracked 
|  40|0x0000000082800000, 0x0000000082800000, 0x0000000082900000|  0%| F|  |TAMS 0x0000000082800000, 0x0000000082800000| Untracked 
|  41|0x0000000082900000, 0x0000000082900000, 0x0000000082a00000|  0%| F|  |TAMS 0x0000000082900000, 0x0000000082900000| Untracked 
|  42|0x0000000082a00000, 0x0000000082a00000, 0x0000000082b00000|  0%| F|  |TAMS 0x0000000082a00000, 0x0000000082a00000| Untracked 
|  43|0x0000000082b00000, 0x0000000082b00000, 0x0000000082c00000|  0%| F|  |TAMS 0x0000000082b00000, 0x0000000082b00000| Untracked 
|  44|0x0000000082c00000, 0x0000000082c00000, 0x0000000082d00000|  0%| F|  |TAMS 0x0000000082c00000, 0x0000000082c00000| Untracked 
|  45|0x0000000082d00000, 0x0000000082d00000, 0x0000000082e00000|  0%| F|  |TAMS 0x0000000082d00000, 0x0000000082d00000| Untracked 
|  46|0x0000000082e00000, 0x0000000082e00000, 0x0000000082f00000|  0%| F|  |TAMS 0x0000000082e00000, 0x0000000082e00000| Untracked 
|  47|0x0000000082f00000, 0x0000000082f00000, 0x0000000083000000|  0%| F|  |TAMS 0x0000000082f00000, 0x0000000082f00000| Untracked 
|  48|0x0000000083000000, 0x0000000083000000, 0x0000000083100000|  0%| F|  |TAMS 0x0000000083000000, 0x0000000083000000| Untracked 
|  49|0x0000000083100000, 0x0000000083100000, 0x0000000083200000|  0%| F|  |TAMS 0x0000000083100000, 0x0000000083100000| Untracked 
|  50|0x0000000083200000, 0x0000000083200000, 0x0000000083300000|  0%| F|  |TAMS 0x0000000083200000, 0x0000000083200000| Untracked 
|  51|0x0000000083300000, 0x0000000083300000, 0x0000000083400000|  0%| F|  |TAMS 0x0000000083300000, 0x0000000083300000| Untracked 
|  52|0x0000000083400000, 0x0000000083400000, 0x0000000083500000|  0%| F|  |TAMS 0x0000000083400000, 0x0000000083400000| Untracked 
|  53|0x0000000083500000, 0x0000000083500000, 0x0000000083600000|  0%| F|  |TAMS 0x0000000083500000, 0x0000000083500000| Untracked 
|  54|0x0000000083600000, 0x0000000083600000, 0x0000000083700000|  0%| F|  |TAMS 0x0000000083600000, 0x0000000083600000| Untracked 
|  55|0x0000000083700000, 0x0000000083700000, 0x0000000083800000|  0%| F|  |TAMS 0x0000000083700000, 0x0000000083700000| Untracked 
|  56|0x0000000083800000, 0x0000000083800000, 0x0000000083900000|  0%| F|  |TAMS 0x0000000083800000, 0x0000000083800000| Untracked 
|  57|0x0000000083900000, 0x0000000083900000, 0x0000000083a00000|  0%| F|  |TAMS 0x0000000083900000, 0x0000000083900000| Untracked 
|  58|0x0000000083a00000, 0x0000000083a00000, 0x0000000083b00000|  0%| F|  |TAMS 0x0000000083a00000, 0x0000000083a00000| Untracked 
|  59|0x0000000083b00000, 0x0000000083b00000, 0x0000000083c00000|  0%| F|  |TAMS 0x0000000083b00000, 0x0000000083b00000| Untracked 
|  60|0x0000000083c00000, 0x0000000083c00000, 0x0000000083d00000|  0%| F|  |TAMS 0x0000000083c00000, 0x0000000083c00000| Untracked 
|  61|0x0000000083d00000, 0x0000000083d00000, 0x0000000083e00000|  0%| F|  |TAMS 0x0000000083d00000, 0x0000000083d00000| Untracked 
|  62|0x0000000083e00000, 0x0000000083e00000, 0x0000000083f00000|  0%| F|  |TAMS 0x0000000083e00000, 0x0000000083e00000| Untracked 
|  63|0x0000000083f00000, 0x0000000083f00000, 0x0000000084000000|  0%| F|  |TAMS 0x0000000083f00000, 0x0000000083f00000| Untracked 
|  64|0x0000000084000000, 0x0000000084000000, 0x0000000084100000|  0%| F|  |TAMS 0x0000000084000000, 0x0000000084000000| Untracked 
|  65|0x0000000084100000, 0x0000000084100000, 0x0000000084200000|  0%| F|  |TAMS 0x0000000084100000, 0x0000000084100000| Untracked 
|  66|0x0000000084200000, 0x0000000084200000, 0x0000000084300000|  0%| F|  |TAMS 0x0000000084200000, 0x0000000084200000| Untracked 
|  67|0x0000000084300000, 0x0000000084300000, 0x0000000084400000|  0%| F|  |TAMS 0x0000000084300000, 0x0000000084300000| Untracked 
|  68|0x0000000084400000, 0x0000000084400000, 0x0000000084500000|  0%| F|  |TAMS 0x0000000084400000, 0x0000000084400000| Untracked 
|  69|0x0000000084500000, 0x0000000084500000, 0x0000000084600000|  0%| F|  |TAMS 0x0000000084500000, 0x0000000084500000| Untracked 
|  70|0x0000000084600000, 0x0000000084600000, 0x0000000084700000|  0%| F|  |TAMS 0x0000000084600000, 0x0000000084600000| Untracked 
|  71|0x0000000084700000, 0x0000000084700000, 0x0000000084800000|  0%| F|  |TAMS 0x0000000084700000, 0x0000000084700000| Untracked 
|  72|0x0000000084800000, 0x0000000084800000, 0x0000000084900000|  0%| F|  |TAMS 0x0000000084800000, 0x0000000084800000| Untracked 
|  73|0x0000000084900000, 0x0000000084900000, 0x0000000084a00000|  0%| F|  |TAMS 0x0000000084900000, 0x0000000084900000| Untracked 
|  74|0x0000000084a00000, 0x0000000084a00000, 0x0000000084b00000|  0%| F|  |TAMS 0x0000000084a00000, 0x0000000084a00000| Untracked 
|  75|0x0000000084b00000, 0x0000000084b00000, 0x0000000084c00000|  0%| F|  |TAMS 0x0000000084b00000, 0x0000000084b00000| Untracked 
|  76|0x0000000084c00000, 0x0000000084c00000, 0x0000000084d00000|  0%| F|  |TAMS 0x0000000084c00000, 0x0000000084c00000| Untracked 
|  77|0x0000000084d00000, 0x0000000084d00000, 0x0000000084e00000|  0%| F|  |TAMS 0x0000000084d00000, 0x0000000084d00000| Untracked 
|  78|0x0000000084e00000, 0x0000000084e00000, 0x0000000084f00000|  0%| F|  |TAMS 0x0000000084e00000, 0x0000000084e00000| Untracked 
|  79|0x0000000084f00000, 0x0000000084f00000, 0x0000000085000000|  0%| F|  |TAMS 0x0000000084f00000, 0x0000000084f00000| Untracked 
|  80|0x0000000085000000, 0x0000000085000000, 0x0000000085100000|  0%| F|  |TAMS 0x0000000085000000, 0x0000000085000000| Untracked 
|  81|0x0000000085100000, 0x0000000085100000, 0x0000000085200000|  0%| F|  |TAMS 0x0000000085100000, 0x0000000085100000| Untracked 
|  82|0x0000000085200000, 0x0000000085200000, 0x0000000085300000|  0%| F|  |TAMS 0x0000000085200000, 0x0000000085200000| Untracked 
|  83|0x0000000085300000, 0x0000000085300000, 0x0000000085400000|  0%| F|  |TAMS 0x0000000085300000, 0x0000000085300000| Untracked 
|  84|0x0000000085400000, 0x0000000085400000, 0x0000000085500000|  0%| F|  |TAMS 0x0000000085400000, 0x0000000085400000| Untracked 
|  85|0x0000000085500000, 0x0000000085500000, 0x0000000085600000|  0%| F|  |TAMS 0x0000000085500000, 0x0000000085500000| Untracked 
|  86|0x0000000085600000, 0x0000000085600000, 0x0000000085700000|  0%| F|  |TAMS 0x0000000085600000, 0x0000000085600000| Untracked 
|  87|0x0000000085700000, 0x0000000085700000, 0x0000000085800000|  0%| F|  |TAMS 0x0000000085700000, 0x0000000085700000| Untracked 
|  88|0x0000000085800000, 0x0000000085800000, 0x0000000085900000|  0%| F|  |TAMS 0x0000000085800000, 0x0000000085800000| Untracked 
|  89|0x0000000085900000, 0x0000000085900000, 0x0000000085a00000|  0%| F|  |TAMS 0x0000000085900000, 0x0000000085900000| Untracked 
|  90|0x0000000085a00000, 0x0000000085a00000, 0x0000000085b00000|  0%| F|  |TAMS 0x0000000085a00000, 0x0000000085a00000| Untracked 
|  91|0x0000000085b00000, 0x0000000085b00000, 0x0000000085c00000|  0%| F|  |TAMS 0x0000000085b00000, 0x0000000085b00000| Untracked 
|  92|0x0000000085c00000, 0x0000000085c00000, 0x0000000085d00000|  0%| F|  |TAMS 0x0000000085c00000, 0x0000000085c00000| Untracked 
|  93|0x0000000085d00000, 0x0000000085d00000, 0x0000000085e00000|  0%| F|  |TAMS 0x0000000085d00000, 0x0000000085d00000| Untracked 
|  94|0x0000000085e00000, 0x0000000085e00000, 0x0000000085f00000|  0%| F|  |TAMS 0x0000000085e00000, 0x0000000085e00000| Untracked 
|  95|0x0000000085f00000, 0x0000000085f00000, 0x0000000086000000|  0%| F|  |TAMS 0x0000000085f00000, 0x0000000085f00000| Untracked 
|  96|0x0000000086000000, 0x0000000086000000, 0x0000000086100000|  0%| F|  |TAMS 0x0000000086000000, 0x0000000086000000| Untracked 
|  97|0x0000000086100000, 0x0000000086100000, 0x0000000086200000|  0%| F|  |TAMS 0x0000000086100000, 0x0000000086100000| Untracked 
|  98|0x0000000086200000, 0x0000000086200000, 0x0000000086300000|  0%| F|  |TAMS 0x0000000086200000, 0x0000000086200000| Untracked 
|  99|0x0000000086300000, 0x0000000086300000, 0x0000000086400000|  0%| F|  |TAMS 0x0000000086300000, 0x0000000086300000| Untracked 
| 100|0x0000000086400000, 0x0000000086400000, 0x0000000086500000|  0%| F|  |TAMS 0x0000000086400000, 0x0000000086400000| Untracked 
| 101|0x0000000086500000, 0x0000000086500000, 0x0000000086600000|  0%| F|  |TAMS 0x0000000086500000, 0x0000000086500000| Untracked 
| 102|0x0000000086600000, 0x0000000086600000, 0x0000000086700000|  0%| F|  |TAMS 0x0000000086600000, 0x0000000086600000| Untracked 
| 103|0x0000000086700000, 0x0000000086700000, 0x0000000086800000|  0%| F|  |TAMS 0x0000000086700000, 0x0000000086700000| Untracked 
| 104|0x0000000086800000, 0x0000000086800000, 0x0000000086900000|  0%| F|  |TAMS 0x0000000086800000, 0x0000000086800000| Untracked 
| 105|0x0000000086900000, 0x0000000086900000, 0x0000000086a00000|  0%| F|  |TAMS 0x0000000086900000, 0x0000000086900000| Untracked 
| 106|0x0000000086a00000, 0x0000000086a00000, 0x0000000086b00000|  0%| F|  |TAMS 0x0000000086a00000, 0x0000000086a00000| Untracked 
| 107|0x0000000086b00000, 0x0000000086b00000, 0x0000000086c00000|  0%| F|  |TAMS 0x0000000086b00000, 0x0000000086b00000| Untracked 
| 108|0x0000000086c00000, 0x0000000086c00000, 0x0000000086d00000|  0%| F|  |TAMS 0x0000000086c00000, 0x0000000086c00000| Untracked 
| 109|0x0000000086d00000, 0x0000000086d00000, 0x0000000086e00000|  0%| F|  |TAMS 0x0000000086d00000, 0x0000000086d00000| Untracked 
| 110|0x0000000086e00000, 0x0000000086e00000, 0x0000000086f00000|  0%| F|  |TAMS 0x0000000086e00000, 0x0000000086e00000| Untracked 
| 111|0x0000000086f00000, 0x0000000086f00000, 0x0000000087000000|  0%| F|  |TAMS 0x0000000086f00000, 0x0000000086f00000| Untracked 
| 112|0x0000000087000000, 0x0000000087000000, 0x0000000087100000|  0%| F|  |TAMS 0x0000000087000000, 0x0000000087000000| Untracked 
| 113|0x0000000087100000, 0x0000000087100000, 0x0000000087200000|  0%| F|  |TAMS 0x0000000087100000, 0x0000000087100000| Untracked 
| 114|0x0000000087200000, 0x0000000087200000, 0x0000000087300000|  0%| F|  |TAMS 0x0000000087200000, 0x0000000087200000| Untracked 
| 115|0x0000000087300000, 0x0000000087300000, 0x0000000087400000|  0%| F|  |TAMS 0x0000000087300000, 0x0000000087300000| Untracked 
| 116|0x0000000087400000, 0x0000000087400000, 0x0000000087500000|  0%| F|  |TAMS 0x0000000087400000, 0x0000000087400000| Untracked 
| 117|0x0000000087500000, 0x0000000087500000, 0x0000000087600000|  0%| F|  |TAMS 0x0000000087500000, 0x0000000087500000| Untracked 
| 118|0x0000000087600000, 0x0000000087600000, 0x0000000087700000|  0%| F|  |TAMS 0x0000000087600000, 0x0000000087600000| Untracked 
| 119|0x0000000087700000, 0x0000000087700000, 0x0000000087800000|  0%| F|  |TAMS 0x0000000087700000, 0x0000000087700000| Untracked 
| 120|0x0000000087800000, 0x0000000087800000, 0x0000000087900000|  0%| F|  |TAMS 0x0000000087800000, 0x0000000087800000| Untracked 
| 121|0x0000000087900000, 0x0000000087900000, 0x0000000087a00000|  0%| F|  |TAMS 0x0000000087900000, 0x0000000087900000| Untracked 
| 122|0x0000000087a00000, 0x0000000087a00000, 0x0000000087b00000|  0%| F|  |TAMS 0x0000000087a00000, 0x0000000087a00000| Untracked 
| 123|0x0000000087b00000, 0x0000000087b80800, 0x0000000087c00000| 50%| E|  |TAMS 0x0000000087b00000, 0x0000000087b00000| Complete 
| 124|0x0000000087c00000, 0x0000000087d00000, 0x0000000087d00000|100%| E|CS|TAMS 0x0000000087c00000, 0x0000000087c00000| Complete 
| 125|0x0000000087d00000, 0x0000000087e00000, 0x0000000087e00000|100%| E|CS|TAMS 0x0000000087d00000, 0x0000000087d00000| Complete 
| 126|0x0000000087e00000, 0x0000000087f00000, 0x0000000087f00000|100%| E|CS|TAMS 0x0000000087e00000, 0x0000000087e00000| Complete 
| 127|0x0000000087f00000, 0x0000000088000000, 0x0000000088000000|100%| E|CS|TAMS 0x0000000087f00000, 0x0000000087f00000| Complete 
| 128|0x0000000088000000, 0x0000000088100000, 0x0000000088100000|100%| E|CS|TAMS 0x0000000088000000, 0x0000000088000000| Complete 
| 129|0x0000000088100000, 0x0000000088200000, 0x0000000088200000|100%| E|CS|TAMS 0x0000000088100000, 0x0000000088100000| Complete 
| 130|0x0000000088200000, 0x0000000088300000, 0x0000000088300000|100%| E|CS|TAMS 0x0000000088200000, 0x0000000088200000| Complete 
| 131|0x0000000088300000, 0x0000000088400000, 0x0000000088400000|100%| E|CS|TAMS 0x0000000088300000, 0x0000000088300000| Complete 
| 132|0x0000000088400000, 0x0000000088500000, 0x0000000088500000|100%| E|CS|TAMS 0x0000000088400000, 0x0000000088400000| Complete 
| 133|0x0000000088500000, 0x0000000088600000, 0x0000000088600000|100%| E|CS|TAMS 0x0000000088500000, 0x0000000088500000| Complete 
| 134|0x0000000088600000, 0x0000000088700000, 0x0000000088700000|100%| E|CS|TAMS 0x0000000088600000, 0x0000000088600000| Complete 
| 135|0x0000000088700000, 0x0000000088800000, 0x0000000088800000|100%| E|CS|TAMS 0x0000000088700000, 0x0000000088700000| Complete 
| 136|0x0000000088800000, 0x0000000088900000, 0x0000000088900000|100%| E|CS|TAMS 0x0000000088800000, 0x0000000088800000| Complete 
| 137|0x0000000088900000, 0x0000000088a00000, 0x0000000088a00000|100%| E|CS|TAMS 0x0000000088900000, 0x0000000088900000| Complete 
| 138|0x0000000088a00000, 0x0000000088b00000, 0x0000000088b00000|100%| E|CS|TAMS 0x0000000088a00000, 0x0000000088a00000| Complete 
| 139|0x0000000088b00000, 0x0000000088c00000, 0x0000000088c00000|100%| E|CS|TAMS 0x0000000088b00000, 0x0000000088b00000| Complete 
| 140|0x0000000088c00000, 0x0000000088d00000, 0x0000000088d00000|100%| E|CS|TAMS 0x0000000088c00000, 0x0000000088c00000| Complete 
| 141|0x0000000088d00000, 0x0000000088e00000, 0x0000000088e00000|100%| E|CS|TAMS 0x0000000088d00000, 0x0000000088d00000| Complete 
| 142|0x0000000088e00000, 0x0000000088f00000, 0x0000000088f00000|100%| E|CS|TAMS 0x0000000088e00000, 0x0000000088e00000| Complete 
| 143|0x0000000088f00000, 0x0000000089000000, 0x0000000089000000|100%| E|CS|TAMS 0x0000000088f00000, 0x0000000088f00000| Complete 
| 144|0x0000000089000000, 0x0000000089100000, 0x0000000089100000|100%| E|CS|TAMS 0x0000000089000000, 0x0000000089000000| Complete 
| 145|0x0000000089100000, 0x0000000089200000, 0x0000000089200000|100%| E|CS|TAMS 0x0000000089100000, 0x0000000089100000| Complete 
| 146|0x0000000089200000, 0x0000000089300000, 0x0000000089300000|100%| E|CS|TAMS 0x0000000089200000, 0x0000000089200000| Complete 
| 147|0x0000000089300000, 0x0000000089400000, 0x0000000089400000|100%| E|CS|TAMS 0x0000000089300000, 0x0000000089300000| Complete 
| 148|0x0000000089400000, 0x0000000089500000, 0x0000000089500000|100%| E|CS|TAMS 0x0000000089400000, 0x0000000089400000| Complete 
| 149|0x0000000089500000, 0x0000000089600000, 0x0000000089600000|100%| E|CS|TAMS 0x0000000089500000, 0x0000000089500000| Complete 
| 150|0x0000000089600000, 0x0000000089700000, 0x0000000089700000|100%| E|CS|TAMS 0x0000000089600000, 0x0000000089600000| Complete 
| 151|0x0000000089700000, 0x0000000089800000, 0x0000000089800000|100%| E|CS|TAMS 0x0000000089700000, 0x0000000089700000| Complete 
| 152|0x0000000089800000, 0x0000000089900000, 0x0000000089900000|100%| E|CS|TAMS 0x0000000089800000, 0x0000000089800000| Complete 
| 153|0x0000000089900000, 0x0000000089a00000, 0x0000000089a00000|100%| E|CS|TAMS 0x0000000089900000, 0x0000000089900000| Complete 
| 154|0x0000000089a00000, 0x0000000089b00000, 0x0000000089b00000|100%| E|CS|TAMS 0x0000000089a00000, 0x0000000089a00000| Complete 
| 155|0x0000000089b00000, 0x0000000089c00000, 0x0000000089c00000|100%| E|CS|TAMS 0x0000000089b00000, 0x0000000089b00000| Complete 
| 156|0x0000000089c00000, 0x0000000089d00000, 0x0000000089d00000|100%| E|CS|TAMS 0x0000000089c00000, 0x0000000089c00000| Complete 
| 157|0x0000000089d00000, 0x0000000089e00000, 0x0000000089e00000|100%| E|CS|TAMS 0x0000000089d00000, 0x0000000089d00000| Complete 
| 158|0x0000000089e00000, 0x0000000089f00000, 0x0000000089f00000|100%| E|CS|TAMS 0x0000000089e00000, 0x0000000089e00000| Complete 
| 159|0x0000000089f00000, 0x000000008a000000, 0x000000008a000000|100%| E|CS|TAMS 0x0000000089f00000, 0x0000000089f00000| Complete 
| 160|0x000000008a000000, 0x000000008a100000, 0x000000008a100000|100%| E|CS|TAMS 0x000000008a000000, 0x000000008a000000| Complete 
| 161|0x000000008a100000, 0x000000008a200000, 0x000000008a200000|100%| E|CS|TAMS 0x000000008a100000, 0x000000008a100000| Complete 
| 162|0x000000008a200000, 0x000000008a300000, 0x000000008a300000|100%| E|CS|TAMS 0x000000008a200000, 0x000000008a200000| Complete 
| 163|0x000000008a300000, 0x000000008a400000, 0x000000008a400000|100%| E|CS|TAMS 0x000000008a300000, 0x000000008a300000| Complete 
| 164|0x000000008a400000, 0x000000008a500000, 0x000000008a500000|100%| E|CS|TAMS 0x000000008a400000, 0x000000008a400000| Complete 
| 165|0x000000008a500000, 0x000000008a600000, 0x000000008a600000|100%| E|CS|TAMS 0x000000008a500000, 0x000000008a500000| Complete 
| 166|0x000000008a600000, 0x000000008a700000, 0x000000008a700000|100%| E|CS|TAMS 0x000000008a600000, 0x000000008a600000| Complete 
| 167|0x000000008a700000, 0x000000008a800000, 0x000000008a800000|100%| E|CS|TAMS 0x000000008a700000, 0x000000008a700000| Complete 
| 168|0x000000008a800000, 0x000000008a900000, 0x000000008a900000|100%| E|CS|TAMS 0x000000008a800000, 0x000000008a800000| Complete 
| 169|0x000000008a900000, 0x000000008a91f830, 0x000000008aa00000| 12%| S|CS|TAMS 0x000000008a900000, 0x000000008a900000| Complete 
| 170|0x000000008aa00000, 0x000000008ab00000, 0x000000008ab00000|100%| S|CS|TAMS 0x000000008aa00000, 0x000000008aa00000| Complete 
| 171|0x000000008ab00000, 0x000000008ac00000, 0x000000008ac00000|100%| S|CS|TAMS 0x000000008ab00000, 0x000000008ab00000| Complete 
| 172|0x000000008ac00000, 0x000000008ad00000, 0x000000008ad00000|100%| S|CS|TAMS 0x000000008ac00000, 0x000000008ac00000| Complete 
| 173|0x000000008ad00000, 0x000000008ae00000, 0x000000008ae00000|100%| S|CS|TAMS 0x000000008ad00000, 0x000000008ad00000| Complete 
| 174|0x000000008ae00000, 0x000000008af00000, 0x000000008af00000|100%| S|CS|TAMS 0x000000008ae00000, 0x000000008ae00000| Complete 
| 175|0x000000008af00000, 0x000000008b000000, 0x000000008b000000|100%| S|CS|TAMS 0x000000008af00000, 0x000000008af00000| Complete 
| 176|0x000000008b000000, 0x000000008b100000, 0x000000008b100000|100%| S|CS|TAMS 0x000000008b000000, 0x000000008b000000| Complete 
| 177|0x000000008b100000, 0x000000008b200000, 0x000000008b200000|100%| S|CS|TAMS 0x000000008b100000, 0x000000008b100000| Complete 
| 178|0x000000008b200000, 0x000000008b300000, 0x000000008b300000|100%| S|CS|TAMS 0x000000008b200000, 0x000000008b200000| Complete 
| 179|0x000000008b300000, 0x000000008b400000, 0x000000008b400000|100%| E|CS|TAMS 0x000000008b300000, 0x000000008b300000| Complete 
| 180|0x000000008b400000, 0x000000008b500000, 0x000000008b500000|100%| E|CS|TAMS 0x000000008b400000, 0x000000008b400000| Complete 
| 181|0x000000008b500000, 0x000000008b600000, 0x000000008b600000|100%| E|CS|TAMS 0x000000008b500000, 0x000000008b500000| Complete 
| 182|0x000000008b600000, 0x000000008b700000, 0x000000008b700000|100%| E|CS|TAMS 0x000000008b600000, 0x000000008b600000| Complete 
| 183|0x000000008b700000, 0x000000008b800000, 0x000000008b800000|100%| E|CS|TAMS 0x000000008b700000, 0x000000008b700000| Complete 
| 184|0x000000008b800000, 0x000000008b900000, 0x000000008b900000|100%| E|CS|TAMS 0x000000008b800000, 0x000000008b800000| Complete 
| 185|0x000000008b900000, 0x000000008ba00000, 0x000000008ba00000|100%| E|CS|TAMS 0x000000008b900000, 0x000000008b900000| Complete 
| 186|0x000000008ba00000, 0x000000008bb00000, 0x000000008bb00000|100%| E|CS|TAMS 0x000000008ba00000, 0x000000008ba00000| Complete 
| 187|0x000000008bb00000, 0x000000008bc00000, 0x000000008bc00000|100%| E|CS|TAMS 0x000000008bb00000, 0x000000008bb00000| Complete 
| 188|0x000000008bc00000, 0x000000008bd00000, 0x000000008bd00000|100%| E|CS|TAMS 0x000000008bc00000, 0x000000008bc00000| Complete 
| 189|0x000000008bd00000, 0x000000008be00000, 0x000000008be00000|100%| E|CS|TAMS 0x000000008bd00000, 0x000000008bd00000| Complete 
| 190|0x000000008be00000, 0x000000008bf00000, 0x000000008bf00000|100%| E|CS|TAMS 0x000000008be00000, 0x000000008be00000| Complete 
| 191|0x000000008bf00000, 0x000000008c000000, 0x000000008c000000|100%| E|CS|TAMS 0x000000008bf00000, 0x000000008bf00000| Complete 
| 192|0x000000008c000000, 0x000000008c100000, 0x000000008c100000|100%| E|CS|TAMS 0x000000008c000000, 0x000000008c000000| Complete 
| 193|0x000000008c100000, 0x000000008c200000, 0x000000008c200000|100%| E|CS|TAMS 0x000000008c100000, 0x000000008c100000| Complete 
| 194|0x000000008c200000, 0x000000008c300000, 0x000000008c300000|100%| E|CS|TAMS 0x000000008c200000, 0x000000008c200000| Complete 
| 195|0x000000008c300000, 0x000000008c400000, 0x000000008c400000|100%| E|CS|TAMS 0x000000008c300000, 0x000000008c300000| Complete 
| 196|0x000000008c400000, 0x000000008c500000, 0x000000008c500000|100%| E|CS|TAMS 0x000000008c400000, 0x000000008c400000| Complete 
| 197|0x000000008c500000, 0x000000008c600000, 0x000000008c600000|100%| E|CS|TAMS 0x000000008c500000, 0x000000008c500000| Complete 
| 198|0x000000008c600000, 0x000000008c700000, 0x000000008c700000|100%| E|CS|TAMS 0x000000008c600000, 0x000000008c600000| Complete 
| 199|0x000000008c700000, 0x000000008c800000, 0x000000008c800000|100%| E|CS|TAMS 0x000000008c700000, 0x000000008c700000| Complete 
| 200|0x000000008c800000, 0x000000008c900000, 0x000000008c900000|100%| E|CS|TAMS 0x000000008c800000, 0x000000008c800000| Complete 
| 201|0x000000008c900000, 0x000000008ca00000, 0x000000008ca00000|100%| E|CS|TAMS 0x000000008c900000, 0x000000008c900000| Complete 
| 202|0x000000008ca00000, 0x000000008cb00000, 0x000000008cb00000|100%| E|CS|TAMS 0x000000008ca00000, 0x000000008ca00000| Complete 
| 203|0x000000008cb00000, 0x000000008cc00000, 0x000000008cc00000|100%| E|CS|TAMS 0x000000008cb00000, 0x000000008cb00000| Complete 
| 204|0x000000008cc00000, 0x000000008cd00000, 0x000000008cd00000|100%| E|CS|TAMS 0x000000008cc00000, 0x000000008cc00000| Complete 
| 205|0x000000008cd00000, 0x000000008ce00000, 0x000000008ce00000|100%| E|CS|TAMS 0x000000008cd00000, 0x000000008cd00000| Complete 
| 206|0x000000008ce00000, 0x000000008cf00000, 0x000000008cf00000|100%| E|CS|TAMS 0x000000008ce00000, 0x000000008ce00000| Complete 
| 207|0x000000008cf00000, 0x000000008d000000, 0x000000008d000000|100%| E|CS|TAMS 0x000000008cf00000, 0x000000008cf00000| Complete 
| 208|0x000000008d000000, 0x000000008d100000, 0x000000008d100000|100%| E|CS|TAMS 0x000000008d000000, 0x000000008d000000| Complete 
| 209|0x000000008d100000, 0x000000008d200000, 0x000000008d200000|100%| E|CS|TAMS 0x000000008d100000, 0x000000008d100000| Complete 
| 210|0x000000008d200000, 0x000000008d300000, 0x000000008d300000|100%| E|CS|TAMS 0x000000008d200000, 0x000000008d200000| Complete 
| 211|0x000000008d300000, 0x000000008d400000, 0x000000008d400000|100%| E|CS|TAMS 0x000000008d300000, 0x000000008d300000| Complete 
| 212|0x000000008d400000, 0x000000008d500000, 0x000000008d500000|100%| E|CS|TAMS 0x000000008d400000, 0x000000008d400000| Complete 
| 213|0x000000008d500000, 0x000000008d600000, 0x000000008d600000|100%| E|CS|TAMS 0x000000008d500000, 0x000000008d500000| Complete 
| 214|0x000000008d600000, 0x000000008d700000, 0x000000008d700000|100%| E|  |TAMS 0x000000008d600000, 0x000000008d600000| Complete 
| 215|0x000000008d700000, 0x000000008d800000, 0x000000008d800000|100%| E|CS|TAMS 0x000000008d700000, 0x000000008d700000| Complete 
| 216|0x000000008d800000, 0x000000008d900000, 0x000000008d900000|100%| E|CS|TAMS 0x000000008d800000, 0x000000008d800000| Complete 
| 217|0x000000008d900000, 0x000000008da00000, 0x000000008da00000|100%| E|CS|TAMS 0x000000008d900000, 0x000000008d900000| Complete 
| 218|0x000000008da00000, 0x000000008db00000, 0x000000008db00000|100%| E|CS|TAMS 0x000000008da00000, 0x000000008da00000| Complete 
| 219|0x000000008db00000, 0x000000008dc00000, 0x000000008dc00000|100%| E|CS|TAMS 0x000000008db00000, 0x000000008db00000| Complete 
| 220|0x000000008dc00000, 0x000000008dd00000, 0x000000008dd00000|100%| E|CS|TAMS 0x000000008dc00000, 0x000000008dc00000| Complete 
| 221|0x000000008dd00000, 0x000000008de00000, 0x000000008de00000|100%| E|CS|TAMS 0x000000008dd00000, 0x000000008dd00000| Complete 
| 222|0x000000008de00000, 0x000000008df00000, 0x000000008df00000|100%| E|CS|TAMS 0x000000008de00000, 0x000000008de00000| Complete 
| 223|0x000000008df00000, 0x000000008e000000, 0x000000008e000000|100%| E|CS|TAMS 0x000000008df00000, 0x000000008df00000| Complete 
| 224|0x000000008e000000, 0x000000008e100000, 0x000000008e100000|100%| E|CS|TAMS 0x000000008e000000, 0x000000008e000000| Complete 
| 225|0x000000008e100000, 0x000000008e200000, 0x000000008e200000|100%| E|CS|TAMS 0x000000008e100000, 0x000000008e100000| Complete 
| 226|0x000000008e200000, 0x000000008e300000, 0x000000008e300000|100%| E|CS|TAMS 0x000000008e200000, 0x000000008e200000| Complete 
| 227|0x000000008e300000, 0x000000008e400000, 0x000000008e400000|100%| E|CS|TAMS 0x000000008e300000, 0x000000008e300000| Complete 
| 228|0x000000008e400000, 0x000000008e500000, 0x000000008e500000|100%| E|CS|TAMS 0x000000008e400000, 0x000000008e400000| Complete 
| 229|0x000000008e500000, 0x000000008e600000, 0x000000008e600000|100%| E|CS|TAMS 0x000000008e500000, 0x000000008e500000| Complete 
| 230|0x000000008e600000, 0x000000008e700000, 0x000000008e700000|100%| E|CS|TAMS 0x000000008e600000, 0x000000008e600000| Complete 
| 231|0x000000008e700000, 0x000000008e800000, 0x000000008e800000|100%| E|CS|TAMS 0x000000008e700000, 0x000000008e700000| Complete 
| 232|0x000000008e800000, 0x000000008e900000, 0x000000008e900000|100%| E|CS|TAMS 0x000000008e800000, 0x000000008e800000| Complete 
| 233|0x000000008e900000, 0x000000008ea00000, 0x000000008ea00000|100%| E|CS|TAMS 0x000000008e900000, 0x000000008e900000| Complete 
| 234|0x000000008ea00000, 0x000000008eb00000, 0x000000008eb00000|100%| E|CS|TAMS 0x000000008ea00000, 0x000000008ea00000| Complete 
| 235|0x000000008eb00000, 0x000000008ec00000, 0x000000008ec00000|100%| E|CS|TAMS 0x000000008eb00000, 0x000000008eb00000| Complete 
| 236|0x000000008ec00000, 0x000000008ed00000, 0x000000008ed00000|100%| E|CS|TAMS 0x000000008ec00000, 0x000000008ec00000| Complete 
| 237|0x000000008ed00000, 0x000000008ee00000, 0x000000008ee00000|100%| E|CS|TAMS 0x000000008ed00000, 0x000000008ed00000| Complete 
| 238|0x000000008ee00000, 0x000000008ef00000, 0x000000008ef00000|100%| E|CS|TAMS 0x000000008ee00000, 0x000000008ee00000| Complete 
| 239|0x000000008ef00000, 0x000000008f000000, 0x000000008f000000|100%| E|CS|TAMS 0x000000008ef00000, 0x000000008ef00000| Complete 
| 240|0x000000008f000000, 0x000000008f100000, 0x000000008f100000|100%| E|CS|TAMS 0x000000008f000000, 0x000000008f000000| Complete 
| 241|0x000000008f100000, 0x000000008f200000, 0x000000008f200000|100%| E|CS|TAMS 0x000000008f100000, 0x000000008f100000| Complete 
| 242|0x000000008f200000, 0x000000008f300000, 0x000000008f300000|100%| E|CS|TAMS 0x000000008f200000, 0x000000008f200000| Complete 
| 243|0x000000008f300000, 0x000000008f400000, 0x000000008f400000|100%| E|CS|TAMS 0x000000008f300000, 0x000000008f300000| Complete 
| 244|0x000000008f400000, 0x000000008f500000, 0x000000008f500000|100%| E|CS|TAMS 0x000000008f400000, 0x000000008f400000| Complete 
| 245|0x000000008f500000, 0x000000008f600000, 0x000000008f600000|100%| E|CS|TAMS 0x000000008f500000, 0x000000008f500000| Complete 
| 246|0x000000008f600000, 0x000000008f700000, 0x000000008f700000|100%| E|CS|TAMS 0x000000008f600000, 0x000000008f600000| Complete 
| 247|0x000000008f700000, 0x000000008f800000, 0x000000008f800000|100%| E|CS|TAMS 0x000000008f700000, 0x000000008f700000| Complete 
| 248|0x000000008f800000, 0x000000008f900000, 0x000000008f900000|100%| E|CS|TAMS 0x000000008f800000, 0x000000008f800000| Complete 
| 249|0x000000008f900000, 0x000000008fa00000, 0x000000008fa00000|100%| E|CS|TAMS 0x000000008f900000, 0x000000008f900000| Complete 
| 250|0x000000008fa00000, 0x000000008fb00000, 0x000000008fb00000|100%| E|CS|TAMS 0x000000008fa00000, 0x000000008fa00000| Complete 
| 251|0x000000008fb00000, 0x000000008fc00000, 0x000000008fc00000|100%| E|CS|TAMS 0x000000008fb00000, 0x000000008fb00000| Complete 
| 252|0x000000008fc00000, 0x000000008fd00000, 0x000000008fd00000|100%| E|CS|TAMS 0x000000008fc00000, 0x000000008fc00000| Complete 
| 253|0x000000008fd00000, 0x000000008fe00000, 0x000000008fe00000|100%| E|CS|TAMS 0x000000008fd00000, 0x000000008fd00000| Complete 
| 254|0x000000008fe00000, 0x000000008ff00000, 0x000000008ff00000|100%| E|CS|TAMS 0x000000008fe00000, 0x000000008fe00000| Complete 
| 255|0x000000008ff00000, 0x0000000090000000, 0x0000000090000000|100%| E|CS|TAMS 0x000000008ff00000, 0x000000008ff00000| Complete 

Card table byte_map: [0x000002af94340000,0x000002af94740000] _byte_map_base: 0x000002af93f40000

Marking Bits (Prev, Next): (CMBitMap*) 0x000002af8147e8a8, (CMBitMap*) 0x000002af8147e8e0
 Prev Bits: [0x000002af94b40000, 0x000002af96b40000)
 Next Bits: [0x000002af96b40000, 0x000002af98b40000)

Polling page: 0x000002afff230000

Metaspace:

Usage:
  Non-class:     40.33 MB capacity,    39.63 MB ( 98%) used,   598.55 KB (  1%) free+waste,   115.56 KB ( <1%) overhead. 
      Class:      6.40 MB capacity,     5.97 MB ( 93%) used,   389.29 KB (  6%) free+waste,    56.00 KB ( <1%) overhead. 
       Both:     46.73 MB capacity,    45.60 MB ( 98%) used,   987.84 KB (  2%) free+waste,   171.56 KB ( <1%) overhead. 

Virtual space:
  Non-class space:       42.00 MB reserved,      40.50 MB ( 96%) committed 
      Class space:        1.00 GB reserved,       6.45 MB ( <1%) committed 
             Both:        1.04 GB reserved,      46.95 MB (  4%) committed 

Chunk freelists:
   Non-Class:  48.00 KB
       Class:  5.00 KB
        Both:  53.00 KB

MaxMetaspaceSize: 17179869184.00 GB
CompressedClassSpaceSize: 1.00 GB
Initial GC threshold: 20.80 MB
Current GC threshold: 58.88 MB
CDS: off

CodeHeap 'non-profiled nmethods': size=120064Kb used=2434Kb max_used=2434Kb free=117629Kb
 bounds [0x000002af8ca00000, 0x000002af8cc70000, 0x000002af93f40000]
CodeHeap 'profiled nmethods': size=120000Kb used=9087Kb max_used=9087Kb free=110912Kb
 bounds [0x000002af854d0000, 0x000002af85db0000, 0x000002af8ca00000]
CodeHeap 'non-nmethods': size=5696Kb used=2291Kb max_used=2323Kb free=3404Kb
 bounds [0x000002af84f40000, 0x000002af851b0000, 0x000002af854d0000]
 total_blobs=5032 nmethods=4251 adapters=693
 compilation: enabled
              stopped_count=0, restarted_count=0
 full_count=0

Compilation events (20 events):
Event: 10.602 Thread 0x000002af9b977800 nmethod 4230 0x000002af85d8ac10 code [0x000002af85d8ae00, 0x000002af85d8b0e8]
Event: 10.605 Thread 0x000002af9b977800 4232       2       java.util.TimSort::<init> (181 bytes)
Event: 10.605 Thread 0x000002af9b977800 nmethod 4232 0x000002af85d8b310 code [0x000002af85d8b500, 0x000002af85d8bad8]
Event: 10.605 Thread 0x000002af9b977800 4233       2       java.util.TimSort::minRunLength (43 bytes)
Event: 10.605 Thread 0x000002af9b977800 nmethod 4233 0x000002af85d8bc90 code [0x000002af85d8be40, 0x000002af85d8bf78]
Event: 10.605 Thread 0x000002af9b977800 4234       2       java.util.TimSort::mergeForceCollapse (50 bytes)
Event: 10.606 Thread 0x000002af9b977800 nmethod 4234 0x000002af85d8c010 code [0x000002af85d8c1e0, 0x000002af85d8c3c8]
Event: 10.608 Thread 0x000002af9b977800 4236 %     3       groovyjarjarantlr4.v4.runtime.atn.ParserATNSimulator::closure @ 46 (98 bytes)
Event: 10.609 Thread 0x000002af9b977800 nmethod 4236% 0x000002af85d8c510 code [0x000002af85d8c7a0, 0x000002af85d8d838]
Event: 10.609 Thread 0x000002af9b977800 4238       2       groovyjarjarantlr4.v4.runtime.atn.SingletonPredictionContext::appendContext (18 bytes)
Event: 10.609 Thread 0x000002af9b977800 nmethod 4238 0x000002af85d8dd90 code [0x000002af85d8df60, 0x000002af85d8e0b8]
Event: 10.609 Thread 0x000002af9b977800 4237       2       groovyjarjarantlr4.v4.runtime.atn.ParserATNSimulator::getStartState (251 bytes)
Event: 10.611 Thread 0x000002af9b977800 nmethod 4237 0x000002af85d8e190 code [0x000002af85d8e420, 0x000002af85d8ef78]
Event: 10.611 Thread 0x000002af9e60b800 nmethod 4148 0x000002af8cc5cd90 code [0x000002af8cc5cfa0, 0x000002af8cc5dc50]
Event: 10.611 Thread 0x000002af9e60b800 4235       4       java.util.HashMap::resize (356 bytes)
Event: 10.612 Thread 0x000002af9b977800 4239       2       groovyjarjarantlr4.v4.runtime.atn.ParserATNSimulator::getUniqueAlt (58 bytes)
Event: 10.613 Thread 0x000002af9b977800 nmethod 4239 0x000002af85d8f690 code [0x000002af85d8f880, 0x000002af85d8fae8]
Event: 10.614 Thread 0x000002af9b977800 4240       2       groovyjarjarantlr4.v4.runtime.atn.ATNConfigSet::<init> (159 bytes)
Event: 10.615 Thread 0x000002af9b977800 nmethod 4240 0x000002af85d8fc90 code [0x000002af85d8ff00, 0x000002af85d907c8]
Event: 10.617 Thread 0x000002af9b977800 4242       3       groovyjarjarantlr4.v4.runtime.atn.ParserATNSimulator::isConflicted (860 bytes)

GC Heap History (14 events):
Event: 0.880 GC heap before
{Heap before GC invocations=0 (full 0):
 garbage-first heap   total 262144K, used 19456K [0x0000000080000000, 0x0000000100000000)
  region size 1024K, 14 young (14336K), 0 survivors (0K)
 Metaspace       used 6754K, capacity 6937K, committed 7168K, reserved 1056768K
  class space    used 584K, capacity 650K, committed 768K, reserved 1048576K
}
Event: 0.884 GC heap after
{Heap after GC invocations=1 (full 0):
 garbage-first heap   total 262144K, used 8214K [0x0000000080000000, 0x0000000100000000)
  region size 1024K, 2 young (2048K), 2 survivors (2048K)
 Metaspace       used 6754K, capacity 6937K, committed 7168K, reserved 1056768K
  class space    used 584K, capacity 650K, committed 768K, reserved 1048576K
}
Event: 1.162 GC heap before
{Heap before GC invocations=1 (full 0):
 garbage-first heap   total 262144K, used 19478K [0x0000000080000000, 0x0000000100000000)
  region size 1024K, 13 young (13312K), 2 survivors (2048K)
 Metaspace       used 10270K, capacity 10565K, committed 10624K, reserved 1058816K
  class space    used 1072K, capacity 1139K, committed 1152K, reserved 1048576K
}
Event: 1.164 GC heap after
{Heap after GC invocations=2 (full 0):
 garbage-first heap   total 262144K, used 9766K [0x0000000080000000, 0x0000000100000000)
  region size 1024K, 2 young (2048K), 2 survivors (2048K)
 Metaspace       used 10270K, capacity 10565K, committed 10624K, reserved 1058816K
  class space    used 1072K, capacity 1139K, committed 1152K, reserved 1048576K
}
Event: 1.649 GC heap before
{Heap before GC invocations=2 (full 0):
 garbage-first heap   total 262144K, used 39462K [0x0000000080000000, 0x0000000100000000)
  region size 1024K, 31 young (31744K), 2 survivors (2048K)
 Metaspace       used 11227K, capacity 11456K, committed 11520K, reserved 1058816K
  class space    used 1175K, capacity 1244K, committed 1280K, reserved 1048576K
}
Event: 1.656 GC heap after
{Heap after GC invocations=3 (full 0):
 garbage-first heap   total 262144K, used 12844K [0x0000000080000000, 0x0000000100000000)
  region size 1024K, 4 young (4096K), 4 survivors (4096K)
 Metaspace       used 11227K, capacity 11456K, committed 11520K, reserved 1058816K
  class space    used 1175K, capacity 1244K, committed 1280K, reserved 1048576K
}
Event: 3.206 GC heap before
{Heap before GC invocations=3 (full 0):
 garbage-first heap   total 262144K, used 54828K [0x0000000080000000, 0x0000000100000000)
  region size 1024K, 46 young (47104K), 4 survivors (4096K)
 Metaspace       used 18000K, capacity 18450K, committed 18688K, reserved 1064960K
  class space    used 2126K, capacity 2292K, committed 2304K, reserved 1048576K
}
Event: 3.214 GC heap after
{Heap after GC invocations=4 (full 0):
 garbage-first heap   total 262144K, used 16409K [0x0000000080000000, 0x0000000100000000)
  region size 1024K, 6 young (6144K), 6 survivors (6144K)
 Metaspace       used 18000K, capacity 18450K, committed 18688K, reserved 1064960K
  class space    used 2126K, capacity 2292K, committed 2304K, reserved 1048576K
}
Event: 3.426 GC heap before
{Heap before GC invocations=4 (full 0):
 garbage-first heap   total 262144K, used 42009K [0x0000000080000000, 0x0000000100000000)
  region size 1024K, 32 young (32768K), 6 survivors (6144K)
 Metaspace       used 20595K, capacity 21099K, committed 21248K, reserved 1067008K
  class space    used 2538K, capacity 2728K, committed 2816K, reserved 1048576K
}
Event: 3.435 GC heap after
{Heap after GC invocations=5 (full 0):
 garbage-first heap   total 262144K, used 17769K [0x0000000080000000, 0x0000000100000000)
  region size 1024K, 1 young (1024K), 1 survivors (1024K)
 Metaspace       used 20595K, capacity 21099K, committed 21248K, reserved 1067008K
  class space    used 2538K, capacity 2728K, committed 2816K, reserved 1048576K
}
Event: 4.471 GC heap before
{Heap before GC invocations=6 (full 0):
 garbage-first heap   total 262144K, used 76137K [0x0000000080000000, 0x0000000100000000)
  region size 1024K, 58 young (59392K), 1 survivors (1024K)
 Metaspace       used 27215K, capacity 27905K, committed 28160K, reserved 1073152K
  class space    used 3550K, capacity 3794K, committed 3840K, reserved 1048576K
}
Event: 4.477 GC heap after
{Heap after GC invocations=7 (full 0):
 garbage-first heap   total 262144K, used 19848K [0x0000000080000000, 0x0000000100000000)
  region size 1024K, 4 young (4096K), 4 survivors (4096K)
 Metaspace       used 27215K, capacity 27905K, committed 28160K, reserved 1073152K
  class space    used 3550K, capacity 3794K, committed 3840K, reserved 1048576K
}
Event: 7.495 GC heap before
{Heap before GC invocations=7 (full 0):
 garbage-first heap   total 262144K, used 103816K [0x0000000080000000, 0x0000000100000000)
  region size 1024K, 77 young (78848K), 4 survivors (4096K)
 Metaspace       used 34844K, capacity 35784K, committed 35840K, reserved 1081344K
  class space    used 4649K, capacity 4987K, committed 4992K, reserved 1048576K
}
Event: 7.509 GC heap after
{Heap after GC invocations=8 (full 0):
 garbage-first heap   total 262144K, used 36327K [0x0000000080000000, 0x0000000100000000)
  region size 1024K, 10 young (10240K), 10 survivors (10240K)
 Metaspace       used 34844K, capacity 35784K, committed 35840K, reserved 1081344K
  class space    used 4649K, capacity 4987K, committed 4992K, reserved 1048576K
}

Deoptimization events (20 events):
Event: 10.511 Thread 0x000002af9ca1e000 DEOPT PACKING pc=0x000002af8cb6429c sp=0x000000f5eccf6970
Event: 10.511 Thread 0x000002af9ca1e000 DEOPT UNPACKING pc=0x000002af84f8a1af sp=0x000000f5eccf6918 mode 2
Event: 10.511 Thread 0x000002af9ca1e000 Uncommon trap: trap_request=0xffffff4d fr.pc=0x000002af8ca719f0 relative=0x0000000000000050
Event: 10.511 Thread 0x000002af9ca1e000 Uncommon trap: reason=unstable_if action=reinterpret pc=0x000002af8ca719f0 method=java.lang.Character.isSurrogate(C)Z @ 3 c2
Event: 10.511 Thread 0x000002af9ca1e000 DEOPT PACKING pc=0x000002af8ca719f0 sp=0x000000f5eccf6990
Event: 10.511 Thread 0x000002af9ca1e000 DEOPT UNPACKING pc=0x000002af84f8a1af sp=0x000000f5eccf68c8 mode 2
Event: 10.528 Thread 0x000002af9ca1e000 Uncommon trap: trap_request=0xffffffde fr.pc=0x000002af8caff3b4 relative=0x0000000000001174
Event: 10.528 Thread 0x000002af9ca1e000 Uncommon trap: reason=class_check action=maybe_recompile pc=0x000002af8caff3b4 method=java.util.concurrent.ConcurrentHashMap.putVal(Ljava/lang/Object;Ljava/lang/Object;Z)Ljava/lang/Object; @ 159 c2
Event: 10.528 Thread 0x000002af9ca1e000 DEOPT PACKING pc=0x000002af8caff3b4 sp=0x000000f5eccf6f20
Event: 10.528 Thread 0x000002af9ca1e000 DEOPT UNPACKING pc=0x000002af84f8a1af sp=0x000000f5eccf6ea0 mode 2
Event: 10.533 Thread 0x000002af9ca1e000 Uncommon trap: trap_request=0xffffffde fr.pc=0x000002af8caff3b4 relative=0x0000000000001174
Event: 10.533 Thread 0x000002af9ca1e000 Uncommon trap: reason=class_check action=maybe_recompile pc=0x000002af8caff3b4 method=java.util.concurrent.ConcurrentHashMap.putVal(Ljava/lang/Object;Ljava/lang/Object;Z)Ljava/lang/Object; @ 159 c2
Event: 10.533 Thread 0x000002af9ca1e000 DEOPT PACKING pc=0x000002af8caff3b4 sp=0x000000f5eccf6770
Event: 10.533 Thread 0x000002af9ca1e000 DEOPT UNPACKING pc=0x000002af84f8a1af sp=0x000000f5eccf66f0 mode 2
Event: 10.593 Thread 0x000002af9ca1e000 Uncommon trap: trap_request=0xffffff4d fr.pc=0x000002af8cc5a964 relative=0x00000000000036e4
Event: 10.593 Thread 0x000002af9ca1e000 Uncommon trap: reason=unstable_if action=reinterpret pc=0x000002af8cc5a964 method=groovyjarjarantlr4.v4.runtime.atn.ParserATNSimulator.closure(Lgroovyjarjarantlr4/v4/runtime/atn/ATNConfig;Lgroovyjarjarantlr4/v4/runtime/atn/ATNConfigSet;Lgroovyjarjarantlr4
Event: 10.593 Thread 0x000002af9ca1e000 DEOPT PACKING pc=0x000002af8cc5a964 sp=0x000000f5eccf6c80
Event: 10.593 Thread 0x000002af9ca1e000 DEOPT UNPACKING pc=0x000002af84f8a1af sp=0x000000f5eccf6c48 mode 2
Event: 10.617 Thread 0x000002af9ca1e000 DEOPT PACKING pc=0x000002af85d4fb52 sp=0x000000f5eccf6f20
Event: 10.617 Thread 0x000002af9ca1e000 DEOPT UNPACKING pc=0x000002af84f8a95e sp=0x000000f5eccf6478 mode 0

Classes redefined (0 events):
No events

Internal exceptions (20 events):
Event: 8.655 Thread 0x000002af9ca1e000 Exception <a 'java/lang/ClassNotFoundException'{0x000000008d332108}: groovy/lang/ClosureBeanInfo> (0x000000008d332108) thrown at [./src/hotspot/share/classfile/systemDictionary.cpp, line 231]
Event: 8.656 Thread 0x000002af9ca1e000 Exception <a 'java/lang/ClassNotFoundException'{0x000000008d365f28}: groovy/lang/ClosureCustomizer> (0x000000008d365f28) thrown at [./src/hotspot/share/classfile/systemDictionary.cpp, line 231]
Event: 8.662 Thread 0x000002af9ca1e000 Exception <a 'java/lang/ClassNotFoundException'{0x000000008d3bbd80}: groovy/lang/Closure$1Customizer> (0x000000008d3bbd80) thrown at [./src/hotspot/share/classfile/systemDictionary.cpp, line 231]
Event: 8.902 Thread 0x000002af9ca1e000 Exception <a 'java/lang/ClassNotFoundException'{0x000000008d177d50}: sync_studio_tooling_a0np0mnnpkhbbcapqao0wj3hvBeanInfo> (0x000000008d177d50) thrown at [./src/hotspot/share/classfile/systemDictionary.cpp, line 231]
Event: 8.902 Thread 0x000002af9ca1e000 Exception <a 'java/lang/ClassNotFoundException'{0x000000008d184f20}: sync_studio_tooling_a0np0mnnpkhbbcapqao0wj3hvCustomizer> (0x000000008d184f20) thrown at [./src/hotspot/share/classfile/systemDictionary.cpp, line 231]
Event: 8.914 Thread 0x000002af9ca1e000 Exception <a 'java/lang/ClassNotFoundException'{0x000000008d1fe348}: org/gradle/internal/metaobject/ConfigureDelegateBeanInfo> (0x000000008d1fe348) thrown at [./src/hotspot/share/classfile/systemDictionary.cpp, line 231]
Event: 8.915 Thread 0x000002af9ca1e000 Exception <a 'java/lang/ClassNotFoundException'{0x000000008d024f58}: org/gradle/internal/metaobject/ConfigureDelegateCustomizer> (0x000000008d024f58) thrown at [./src/hotspot/share/classfile/systemDictionary.cpp, line 231]
Event: 8.924 Thread 0x000002af9ca1e000 Exception <a 'java/lang/ClassNotFoundException'{0x000000008d0a6018}: org/gradle/api/internal/initialization/DefaultScriptHandlerBeanInfo> (0x000000008d0a6018) thrown at [./src/hotspot/share/classfile/systemDictionary.cpp, line 231]
Event: 8.926 Thread 0x000002af9ca1e000 Exception <a 'java/lang/ClassNotFoundException'{0x000000008d0cff88}: org/gradle/api/internal/initialization/DefaultScriptHandlerCustomizer> (0x000000008d0cff88) thrown at [./src/hotspot/share/classfile/systemDictionary.cpp, line 231]
Event: 9.102 Thread 0x000002af9ca1e000 Exception <a 'java/lang/ClassNotFoundException'{0x000000008c7c32b8}: org/gradle/api/internal/artifacts/dsl/dependencies/DefaultDependencyHandler_DecoratedBeanInfo> (0x000000008c7c32b8) thrown at [./src/hotspot/share/classfile/systemDictionary.cpp, line 231]
Event: 9.103 Thread 0x000002af9ca1e000 Exception <a 'java/lang/ClassNotFoundException'{0x000000008c601f38}: org/gradle/api/internal/artifacts/dsl/dependencies/DefaultDependencyHandlerBeanInfo> (0x000000008c601f38) thrown at [./src/hotspot/share/classfile/systemDictionary.cpp, line 231]
Event: 9.104 Thread 0x000002af9ca1e000 Exception <a 'java/lang/ClassNotFoundException'{0x000000008c640800}: org/gradle/api/internal/artifacts/dsl/dependencies/DefaultDependencyHandlerCustomizer> (0x000000008c640800) thrown at [./src/hotspot/share/classfile/systemDictionary.cpp, line 231]
Event: 9.109 Thread 0x000002af9ca1e000 Exception <a 'java/lang/ClassNotFoundException'{0x000000008c6a65b8}: org/gradle/api/internal/artifacts/dsl/dependencies/DefaultDependencyHandler_DecoratedCustomizer> (0x000000008c6a65b8) thrown at [./src/hotspot/share/classfile/systemDictionary.cpp, line 231]
Event: 9.859 Thread 0x000002af9ca1e000 Exception <a 'java/lang/NoSuchMethodError'{0x000000008baa8bf0}: 'int java.lang.invoke.DirectMethodHandle$Holder.invokeInterface(java.lang.Object, java.lang.Object)'> (0x000000008baa8bf0) thrown at [./src/hotspot/share/interpreter/linkResolver.cpp, line 773]
Event: 9.859 Thread 0x000002af9ca1e000 Exception <a 'java/lang/IncompatibleClassChangeError'{0x000000008baac6d0}: Found class java.lang.Object, but interface was expected> (0x000000008baac6d0) thrown at [./src/hotspot/share/interpreter/linkResolver.cpp, line 839]
Event: 9.971 Thread 0x000002af9ca1e000 Exception <a 'java/lang/NoSuchMethodError'{0x000000008a801978}: 'java.lang.Object java.lang.invoke.Invokers$Holder.linkToTargetMethod(java.lang.Object, int, java.lang.Object)'> (0x000000008a801978) thrown at [./src/hotspot/share/interpreter/linkResolver.cpp, line 773]
Event: 10.003 Thread 0x000002af9ca1e000 Exception <a 'java/lang/NoSuchMethodError'{0x000000008a689580}: 'int java.lang.invoke.DirectMethodHandle$Holder.invokeStaticInit(java.lang.Object)'> (0x000000008a689580) thrown at [./src/hotspot/share/interpreter/linkResolver.cpp, line 773]
Event: 10.054 Thread 0x000002af9ca1e000 Exception <a 'java/lang/ClassNotFoundException'{0x000000008a497398}: sync_studio_tooling_a0np0mnnpkhbbcapqao0wj3hvBeanInfo> (0x000000008a497398) thrown at [./src/hotspot/share/classfile/systemDictionary.cpp, line 231]
Event: 10.054 Thread 0x000002af9ca1e000 Exception <a 'java/lang/ClassNotFoundException'{0x000000008a4a42c8}: sync_studio_tooling_a0np0mnnpkhbbcapqao0wj3hvCustomizer> (0x000000008a4a42c8) thrown at [./src/hotspot/share/classfile/systemDictionary.cpp, line 231]
Event: 10.130 Thread 0x000002af9ca1e000 Exception <a 'java/lang/NoSuchMethodError'{0x000000008a217578}: 'void java.lang.invoke.DirectMethodHandle$Holder.invokeVirtual(java.lang.Object, java.lang.Object)'> (0x000000008a217578) thrown at [./src/hotspot/share/interpreter/linkResolver.cpp, line 773]

Events (20 events):
Event: 10.514 loading class java/util/stream/Node$Builder$OfInt done
Event: 10.514 loading class java/util/stream/Nodes$IntArrayNode
Event: 10.514 loading class java/util/stream/Nodes$IntArrayNode done
Event: 10.514 loading class java/util/stream/Nodes$IntFixedNodeBuilder done
Event: 10.515 loading class java/util/stream/SortedOps$SizedIntSortingSink
Event: 10.515 loading class java/util/stream/SortedOps$AbstractIntSortingSink
Event: 10.515 loading class java/util/stream/SortedOps$AbstractIntSortingSink done
Event: 10.515 loading class java/util/stream/SortedOps$SizedIntSortingSink done
Event: 10.515 loading class java/util/stream/ReferencePipeline$4$1
Event: 10.515 loading class java/util/stream/ReferencePipeline$4$1 done
Event: 10.535 loading class java/util/Collections$SingletonMap
Event: 10.535 loading class java/util/Collections$SingletonMap done
Event: 10.555 loading class org/apache/groovy/parser/antlr4/AstBuilder$1
Event: 10.555 loading class org/apache/groovy/parser/antlr4/AstBuilder$1 done
Event: 10.555 loading class groovyjarjarantlr4/v4/runtime/misc/Args
Event: 10.555 loading class groovyjarjarantlr4/v4/runtime/misc/Args done
Event: 10.557 loading class groovyjarjarantlr4/v4/runtime/ProxyParserErrorListener
Event: 10.557 loading class groovyjarjarantlr4/v4/runtime/ProxyParserErrorListener done
Event: 10.558 loading class groovyjarjarantlr4/v4/runtime/ProxyErrorListener
Event: 10.558 loading class groovyjarjarantlr4/v4/runtime/ProxyErrorListener done


Dynamic libraries:
0x00007ff6bfff0000 - 0x00007ff6bfffa000 	D:\Android Studio\jre\bin\java.exe
0x00007ff9824a0000 - 0x00007ff982690000 	C:\Windows\SYSTEM32\ntdll.dll
0x00007ff980520000 - 0x00007ff9805d2000 	C:\Windows\System32\KERNEL32.DLL
0x00007ff97f400000 - 0x00007ff97f6a3000 	C:\Windows\System32\KERNELBASE.dll
0x00007ff97ffd0000 - 0x00007ff9800ca000 	C:\Windows\System32\ucrtbase.dll
0x00007ff97bdf0000 - 0x00007ff97be07000 	D:\Android Studio\jre\bin\VCRUNTIME140.dll
0x00007ff97bdd0000 - 0x00007ff97bde9000 	D:\Android Studio\jre\bin\jli.dll
0x00007ff981670000 - 0x00007ff981804000 	C:\Windows\System32\USER32.dll
0x00007ff980370000 - 0x00007ff980391000 	C:\Windows\System32\win32u.dll
0x00007ff981e90000 - 0x00007ff981eb6000 	C:\Windows\System32\GDI32.dll
0x00007ff97fe30000 - 0x00007ff97ffc4000 	C:\Windows\System32\gdi32full.dll
0x00007ff9800d0000 - 0x00007ff98016e000 	C:\Windows\System32\msvcp_win.dll
0x00007ff96db30000 - 0x00007ff96ddb5000 	C:\Windows\WinSxS\amd64_microsoft.windows.common-controls_6595b64144ccf1df_6.0.18362.449_none_e6c7b265130c70a7\COMCTL32.dll
0x00007ff981f90000 - 0x00007ff98202e000 	C:\Windows\System32\msvcrt.dll
0x00007ff980e60000 - 0x00007ff981196000 	C:\Windows\System32\combase.dll
0x00007ff981880000 - 0x00007ff9819a0000 	C:\Windows\System32\RPCRT4.dll
0x00007ff9801c0000 - 0x00007ff980240000 	C:\Windows\System32\bcryptPrimitives.dll
0x00007ff982100000 - 0x00007ff98212e000 	C:\Windows\System32\IMM32.DLL
0x00007ff96e870000 - 0x00007ff96e90d000 	D:\Android Studio\jre\bin\msvcp140.dll
0x00007ff94a450000 - 0x00007ff94af35000 	D:\Android Studio\jre\bin\server\jvm.dll
0x00007ff982380000 - 0x00007ff982423000 	C:\Windows\System32\ADVAPI32.dll
0x00007ff982060000 - 0x00007ff9820f7000 	C:\Windows\System32\sechost.dll
0x00007ff981810000 - 0x00007ff981818000 	C:\Windows\System32\PSAPI.DLL
0x00007ff97d2c0000 - 0x00007ff97d2e4000 	C:\Windows\SYSTEM32\WINMM.dll
0x00007ff97a640000 - 0x00007ff97a64a000 	C:\Windows\SYSTEM32\VERSION.dll
0x00007ff97d290000 - 0x00007ff97d2bd000 	C:\Windows\SYSTEM32\WINMMBASE.dll
0x00007ff980170000 - 0x00007ff9801ba000 	C:\Windows\System32\cfgmgr32.dll
0x00007ff96a390000 - 0x00007ff96a399000 	C:\Windows\SYSTEM32\WSOCK32.dll
0x00007ff981450000 - 0x00007ff9814bf000 	C:\Windows\System32\WS2_32.dll
0x00007ff97f350000 - 0x00007ff97f361000 	C:\Windows\System32\kernel.appcore.dll
0x00007ff963b50000 - 0x00007ff963b61000 	D:\Android Studio\jre\bin\verify.dll
0x00007ff970340000 - 0x00007ff970534000 	C:\Windows\SYSTEM32\DBGHELP.DLL
0x00007ff959710000 - 0x00007ff95973a000 	C:\Windows\SYSTEM32\dbgcore.DLL
0x00007ff94da40000 - 0x00007ff94da69000 	D:\Android Studio\jre\bin\java.dll
0x00007ff968ff0000 - 0x00007ff968ffb000 	D:\Android Studio\jre\bin\jimage.dll
0x00007ff94dd60000 - 0x00007ff94dd78000 	D:\Android Studio\jre\bin\zip.dll
0x00007ff980770000 - 0x00007ff980e55000 	C:\Windows\System32\SHELL32.dll
0x00007ff9806c0000 - 0x00007ff980769000 	C:\Windows\System32\shcore.dll
0x00007ff97f6b0000 - 0x00007ff97fe2e000 	C:\Windows\System32\windows.storage.dll
0x00007ff97f370000 - 0x00007ff97f38f000 	C:\Windows\System32\profapi.dll
0x00007ff97f390000 - 0x00007ff97f3da000 	C:\Windows\System32\powrprof.dll
0x00007ff97f340000 - 0x00007ff97f350000 	C:\Windows\System32\UMPDC.dll
0x00007ff9805e0000 - 0x00007ff980632000 	C:\Windows\System32\shlwapi.dll
0x00007ff980350000 - 0x00007ff980367000 	C:\Windows\System32\cryptsp.dll
0x00007ff94da20000 - 0x00007ff94da3a000 	D:\Android Studio\jre\bin\net.dll
0x00007ff97b0c0000 - 0x00007ff97b1b0000 	C:\Windows\SYSTEM32\WINHTTP.dll
0x00007ff97ebb0000 - 0x00007ff97ec17000 	C:\Windows\system32\mswsock.dll
0x00007ff94da00000 - 0x00007ff94da14000 	D:\Android Studio\jre\bin\nio.dll
0x00007ff97be10000 - 0x00007ff97be37000 	C:\Users\Admin\.gradle\native\e1d6ef7f7dcc3fd88c89a11ec53ec762bb8ba0a96d01ffa2cd45eb1d1d8dd5c5\windows-amd64\native-platform.dll
0x00007ff96e720000 - 0x00007ff96e864000 	C:\Users\Admin\.gradle\native\5664cfc778a61ccfe75a443a1ab52a65af34e5dc3c78e0209fed803814484fcb\windows-amd64\native-platform-file-events.dll
0x00007ff968920000 - 0x00007ff96892a000 	D:\Android Studio\jre\bin\management.dll
0x00007ff9656c0000 - 0x00007ff9656cd000 	D:\Android Studio\jre\bin\management_ext.dll
0x00007ff97e720000 - 0x00007ff97e753000 	C:\Windows\system32\rsaenh.dll
0x00007ff9803a0000 - 0x00007ff9803c6000 	C:\Windows\System32\bcrypt.dll
0x00007ff97f230000 - 0x00007ff97f255000 	C:\Windows\SYSTEM32\USERENV.dll
0x00007ff97ed80000 - 0x00007ff97ed8c000 	C:\Windows\SYSTEM32\CRYPTBASE.dll
0x00007ff97e8c0000 - 0x00007ff97e8fa000 	C:\Windows\SYSTEM32\IPHLPAPI.DLL
0x00007ff9819a0000 - 0x00007ff9819a8000 	C:\Windows\System32\NSI.dll
0x00007ff97a330000 - 0x00007ff97a346000 	C:\Windows\SYSTEM32\dhcpcsvc6.DLL
0x00007ff97a2e0000 - 0x00007ff97a2fc000 	C:\Windows\SYSTEM32\dhcpcsvc.DLL
0x00007ff97e900000 - 0x00007ff97e9ca000 	C:\Windows\SYSTEM32\DNSAPI.dll

dbghelp: loaded successfully - version: 4.0.5 - missing functions: none
symbol engine: initialized successfully - sym options: 0x614 - pdb path: .;D:\Android Studio\jre\bin;C:\Windows\SYSTEM32;C:\Windows\WinSxS\amd64_microsoft.windows.common-controls_6595b64144ccf1df_6.0.18362.449_none_e6c7b265130c70a7;D:\Android Studio\jre\bin\server;C:\Users\Admin\.gradle\native\e1d6ef7f7dcc3fd88c89a11ec53ec762bb8ba0a96d01ffa2cd45eb1d1d8dd5c5\windows-amd64;C:\Users\Admin\.gradle\native\5664cfc778a61ccfe75a443a1ab52a65af34e5dc3c78e0209fed803814484fcb\windows-amd64

VM Arguments:
jvm_args: --add-opens=java.base/java.util=ALL-UNNAMED --add-opens=java.base/java.lang=ALL-UNNAMED --add-opens=java.base/java.lang.invoke=ALL-UNNAMED --add-opens=java.base/java.util=ALL-UNNAMED --add-opens=java.prefs/java.util.prefs=ALL-UNNAMED --add-opens=java.prefs/java.util.prefs=ALL-UNNAMED --add-opens=java.base/java.nio.charset=ALL-UNNAMED --add-opens=java.base/java.net=ALL-UNNAMED --add-opens=java.base/java.util.concurrent.atomic=ALL-UNNAMED -Xmx2048m -Dfile.encoding=UTF-8 -Duser.country=RU -Duser.language=ru -Duser.variant 
java_command: org.gradle.launcher.daemon.bootstrap.GradleDaemon 7.3.3
java_class_path (initial): C:\Users\Admin\.gradle\wrapper\dists\gradle-7.3.3-bin\6a41zxkdtcxs8rphpq6y0069z\gradle-7.3.3\lib\gradle-launcher-7.3.3.jar
Launcher Type: SUN_STANDARD

[Global flags]
     intx CICompilerCount                          = 3                                         {product} {ergonomic}
     uint ConcGCThreads                            = 1                                         {product} {ergonomic}
     uint G1ConcRefinementThreads                  = 4                                         {product} {ergonomic}
   size_t G1HeapRegionSize                         = 1048576                                   {product} {ergonomic}
    uintx GCDrainStackTargetSize                   = 64                                        {product} {ergonomic}
   size_t InitialHeapSize                          = 268435456                                 {product} {ergonomic}
   size_t MarkStackSize                            = 4194304                                   {product} {ergonomic}
   size_t MaxHeapSize                              = 2147483648                                {product} {command line}
   size_t MaxNewSize                               = 1287651328                                {product} {ergonomic}
   size_t MinHeapDeltaBytes                        = 1048576                                   {product} {ergonomic}
    uintx NonNMethodCodeHeapSize                   = 5830732                                {pd product} {ergonomic}
    uintx NonProfiledCodeHeapSize                  = 122913754                              {pd product} {ergonomic}
    uintx ProfiledCodeHeapSize                     = 122913754                              {pd product} {ergonomic}
    uintx ReservedCodeCacheSize                    = 251658240                              {pd product} {ergonomic}
     bool SegmentedCodeCache                       = true                                      {product} {ergonomic}
     bool UseCompressedClassPointers               = true                                 {lp64_product} {ergonomic}
     bool UseCompressedOops                        = true                                 {lp64_product} {ergonomic}
     bool UseG1GC                                  = true                                      {product} {ergonomic}
     bool UseLargePagesIndividualAllocation        = false                                  {pd product} {ergonomic}

Logging:
Log output configuration:
 #0: stdout all=warning uptime,level,tags
 #1: stderr all=off uptime,level,tags

Environment Variables:
PATH=C:\Windows\system32;C:\Windows;C:\Windows\System32\Wbem;C:\Windows\System32\WindowsPowerShell\v1.0\;C:\Program Files\NVIDIA Corporation\NVIDIA NvDLISR;C:\Program Files (x86)\NVIDIA Corporation\PhysX\Common;C:\Program Files\Git\cmd;C:\Users\Admin\AppData\Local\Microsoft\WindowsApps
USERNAME=Admin
OS=Windows_NT
PROCESSOR_IDENTIFIER=AMD64 Family 21 Model 2 Stepping 0, AuthenticAMD



---------------  S Y S T E M  ---------------

OS: Windows 10 , 64 bit Build 18362 (10.0.18362.329)
OS uptime: 0 days 1:52 hours

CPU:total 4 (initial active 4) (4 cores per cpu, 1 threads per core) family 21 model 2 stepping 0 microcode 0x0, cmov, cx8, fxsr, mmx, sse, sse2, sse3, ssse3, sse4.1, sse4.2, popcnt, avx, aes, clmul, mmxext, 3dnowpref, lzcnt, sse4a, tsc, tscinvbit, tscinv, bmi1, fma

Memory: 4k page, system-wide physical 16366M (10374M free)
TotalPageFile size 18798M (AvailPageFile size 11432M)
current process WorkingSet (physical memory assigned to process): 328M, peak: 328M
current process commit charge ("private bytes"): 453M, peak: 453M

vm_info: OpenJDK 64-Bit Server VM (11.0.12+7-b1504.28-7817840) for windows-amd64 JRE (11.0.12+7-b1504.28-7817840), built on Oct 13 2021 22:12:33 by "builder" with MS VC++ 14.0 (VS2015)

END.
